[2020-07-31 15:40:39] | ::1 | http://localhost:8080/admin
[2020-07-31 15:41:06] | ::1 | http://localhost:8080/admin
[2020-07-31 15:41:09] | ::1 | http://localhost:8080/admin/menu/page
[2020-07-31 15:41:30] | ::1 | http://localhost:8080/admin/role
[2020-07-31 15:41:43] | ::1 | http://localhost:8080/admin/role/getList
[2020-07-31 15:42:26] | ::1 | http://localhost:8080/admin
[2020-07-31 15:42:27] | ::1 | http://localhost:8080/admin/menu/page
[2020-07-31 15:42:32] | ::1 | http://localhost:8080/admin/role
[2020-07-31 15:42:32] | ::1 | http://localhost:8080/admin/role/getList
[2020-07-31 15:42:35] | ::1 | http://localhost:8080/admin/user
[2020-07-31 15:42:41] | ::1 | http://localhost:8080/admin/account
[2020-07-31 15:42:43] | ::1 | http://localhost:8080/admin/role
[2020-07-31 15:42:43] | ::1 | http://localhost:8080/admin/role/getList
[2020-07-31 15:43:48] | ::1 | http://localhost:8080/admin/role
[2020-07-31 15:43:50] | ::1 | http://localhost:8080/admin/role/getList
[2020-07-31 15:44:49] | ::1 | http://localhost:8080/admin
[2020-07-31 15:44:50] | ::1 | http://localhost:8080/admin/menu/page
[2020-07-31 15:44:52] | ::1 | http://localhost:8080/admin/role
[2020-07-31 15:44:53] | ::1 | http://localhost:8080/admin/role/getList
[2020-07-31 15:44:54] | ::1 | http://localhost:8080/admin/role/add
[2020-07-31 15:46:09] | ::1 | http://localhost:8080/admin
[2020-07-31 15:46:09] | ::1 | http://localhost:8080/admin/menu/page
[2020-07-31 15:46:12] | ::1 | http://localhost:8080/admin/role
[2020-07-31 15:46:12] | ::1 | http://localhost:8080/admin/role/getList
[2020-07-31 15:46:13] | ::1 | http://localhost:8080/admin/role/add
[2020-07-31 15:46:29] | ::1 | http://localhost:8080/admin/role
[2020-07-31 15:46:29] | ::1 | http://localhost:8080/admin/role/getList
[2020-07-31 15:48:00] | ::1 | http://localhost:8080/admin/role
[2020-07-31 15:48:01] | ::1 | http://localhost:8080/admin/role/getList
[2020-07-31 15:48:02] | ::1 | http://localhost:8080/admin/role/add
[2020-07-31 15:50:07] | ::1 | http://localhost:8080/admin/menu
[2020-07-31 15:50:17] | ::1 | http://localhost:8080/admin/menu/edit?menuid=100
[2020-07-31 15:50:29] | ::1 | http://localhost:8080/admin/menu
[2020-07-31 15:50:43] | ::1 | http://localhost:8080/admin/role
[2020-07-31 15:50:43] | ::1 | http://localhost:8080/admin/role/getList
[2020-07-31 15:54:38] | ::1 | http://localhost:8080/admin/role/add
[2020-07-31 15:55:58] | ::1 | http://localhost:8080/admin/menu
[2020-07-31 15:56:03] | ::1 | http://localhost:8080/admin/menu/edit?menuid=85
[2020-07-31 15:56:26] | ::1 | http://localhost:8080/admin/menu/save
[2020-07-31 15:56:26] | ::1 | http://localhost:8080/admin/menu
[2020-07-31 15:56:30] | ::1 | http://localhost:8080/admin/menu/edit?menuid=85
[2020-07-31 15:56:35] | ::1 | http://localhost:8080/admin/menu
[2020-07-31 15:56:59] | ::1 | http://localhost:8080/admin/account
[2020-07-31 15:57:07] | ::1 | http://localhost:8080/admin/role
[2020-07-31 15:57:07] | ::1 | http://localhost:8080/admin/role/getList
[2020-07-31 15:57:25] | ::1 | http://localhost:8080/admin/menu
[2020-07-31 16:00:15] | ::1 | http://localhost:8080/admin/role
[2020-07-31 16:00:15] | ::1 | http://localhost:8080/admin/role/getList
[2020-07-31 16:00:25] | ::1 | http://localhost:8080/admin/menu
[2020-07-31 16:00:28] | ::1 | http://localhost:8080/admin/role
[2020-07-31 16:00:28] | ::1 | http://localhost:8080/admin/role/getList
[2020-07-31 16:02:15] | ::1 | http://localhost:8080/admin/role
[2020-07-31 16:02:16] | ::1 | http://localhost:8080/admin/role/getList
[2020-07-31 16:09:46] | ::1 | http://localhost:8080/admin/role
[2020-07-31 16:10:16] | ::1 | http://localhost:8080/admin/role
[2020-07-31 16:10:17] | ::1 | http://localhost:8080/admin/role/getList
[2020-07-31 16:40:14] | ::1 | http://localhost:8080/admin/role
[2020-07-31 16:40:15] | ::1 | http://localhost:8080/admin/role/getList
[2020-07-31 16:40:21] | ::1 | http://localhost:8080/admin/role
[2020-07-31 16:40:22] | ::1 | http://localhost:8080/admin/role/getList
[2020-07-31 16:41:07] | ::1 | http://localhost:8080/admin/role
[2020-07-31 16:41:08] | ::1 | http://localhost:8080/admin/role/getList
[2020-07-31 16:51:29] | ::1 | http://localhost:8080/admin/role
[2020-07-31 16:51:30] | ::1 | http://localhost:8080/admin/role/getList
[2020-07-31 16:51:44] | ::1 | http://localhost:8080/admin/role
[2020-07-31 16:51:45] | ::1 | http://localhost:8080/admin/role/getList
[2020-07-31 16:56:52] | ::1 | http://localhost:8080/admin/role
[2020-07-31 16:56:53] | ::1 | http://localhost:8080/admin/role/getList
[2020-07-31 16:57:08] | ::1 | http://localhost:8080/admin/role
[2020-07-31 16:57:09] | ::1 | http://localhost:8080/admin/role/getList
[2020-07-31 16:57:25] | ::1 | http://localhost:8080/admin/role
[2020-07-31 16:57:26] | ::1 | http://localhost:8080/admin/role/getList
[2020-07-31 17:10:11] | ::1 | http://localhost:8080/admin/role
[2020-07-31 17:10:12] | ::1 | http://localhost:8080/admin/role/getList
[2020-07-31 17:10:42] | ::1 | http://localhost:8080/admin/role
[2020-07-31 17:10:43] | ::1 | http://localhost:8080/admin/role/getList
[2020-07-31 17:11:01] | ::1 | http://localhost:8080/admin/role/add
[2020-07-31 17:12:24] | ::1 | http://localhost:8080/admin/role
[2020-07-31 17:12:25] | ::1 | http://localhost:8080/admin/role/getList
[2020-07-31 17:12:26] | ::1 | http://localhost:8080/admin/role/add
[2020-07-31 17:15:17] | ::1 | http://localhost:8080/admin/role
[2020-07-31 17:15:17] | ::1 | http://localhost:8080/admin/role/getList
[2020-07-31 17:15:19] | ::1 | http://localhost:8080/admin/role/add
[2020-07-31 17:15:59] | ::1 | http://localhost:8080/admin/role
[2020-07-31 17:15:59] | ::1 | http://localhost:8080/admin/role/getList
[2020-07-31 17:16:00] | ::1 | http://localhost:8080/admin/role/add
[2020-07-31 17:16:48] | ::1 | http://localhost:8080/admin/role
[2020-07-31 17:16:49] | ::1 | http://localhost:8080/admin/role/getList
[2020-07-31 17:16:50] | ::1 | http://localhost:8080/admin/role/add
[2020-07-31 17:18:41] | ::1 | http://localhost:8080/admin/role
[2020-07-31 17:18:42] | ::1 | http://localhost:8080/admin/role/getList
[2020-07-31 17:18:43] | ::1 | http://localhost:8080/admin/role/add
[2020-07-31 17:23:59] | ::1 | http://localhost:8080/admin/role
[2020-07-31 17:24:00] | ::1 | http://localhost:8080/admin/role/getList
[2020-07-31 17:24:01] | ::1 | http://localhost:8080/admin/role/add
[2020-07-31 17:35:42] | ::1 | http://localhost:8080/admin/role
[2020-07-31 17:35:59] | ::1 | http://localhost:8080/admin/role
[2020-07-31 17:36:00] | ::1 | http://localhost:8080/admin/role/getList
[2020-07-31 17:36:01] | ::1 | http://localhost:8080/admin/role/add
[2020-07-31 17:36:22] | ::1 | http://localhost:8080/admin/role
[2020-07-31 17:36:23] | ::1 | http://localhost:8080/admin/role/getList
[2020-07-31 17:36:25] | ::1 | http://localhost:8080/admin/role/add
[2020-07-31 17:37:18] | ::1 | http://localhost:8080/admin/role
[2020-07-31 17:37:19] | ::1 | http://localhost:8080/admin/role/getList
[2020-07-31 17:37:20] | ::1 | http://localhost:8080/admin/role/add
[2020-07-31 17:40:00] | ::1 | http://localhost:8080/admin/role
[2020-07-31 17:40:00] | ::1 | http://localhost:8080/admin/role/getList
[2020-07-31 17:40:01] | ::1 | http://localhost:8080/admin/role/add
[2020-07-31 17:41:51] | ::1 | http://localhost:8080/admin/role
[2020-07-31 17:41:51] | ::1 | http://localhost:8080/admin/role/getList
[2020-07-31 17:41:52] | ::1 | http://localhost:8080/admin/role/add
[2020-07-31 17:43:14] | ::1 | http://localhost:8080/admin/role
[2020-07-31 17:43:15] | ::1 | http://localhost:8080/admin/role/getList
[2020-07-31 17:43:16] | ::1 | http://localhost:8080/admin/role/add
[2020-07-31 17:49:44] | ::1 | http://localhost:8080/admin/role
[2020-07-31 17:49:45] | ::1 | http://localhost:8080/admin/role/getList
[2020-07-31 17:49:46] | ::1 | http://localhost:8080/admin/role/add
[2020-07-31 17:54:14] | ::1 | http://localhost:8080/admin/role
[2020-07-31 17:54:15] | ::1 | http://localhost:8080/admin/role/getList
[2020-07-31 17:54:16] | ::1 | http://localhost:8080/admin/role/add
[2020-07-31 17:55:26] | ::1 | http://localhost:8080/admin/role
[2020-07-31 17:55:27] | ::1 | http://localhost:8080/admin/role/getList
[2020-07-31 17:55:28] | ::1 | http://localhost:8080/admin/role/add
[2020-07-31 18:00:18] | ::1 | http://localhost:8080/admin/role
[2020-07-31 18:00:19] | ::1 | http://localhost:8080/admin/role/getList
[2020-07-31 18:00:21] | ::1 | http://localhost:8080/admin/role/add
[2020-07-31 18:01:54] | ::1 | http://localhost:8080/admin/role
[2020-07-31 18:01:55] | ::1 | http://localhost:8080/admin/role/getList
[2020-07-31 18:01:56] | ::1 | http://localhost:8080/admin/role/add
[2020-07-31 18:05:08] | ::1 | http://localhost:8080/admin/role
[2020-07-31 18:05:09] | ::1 | http://localhost:8080/admin/role/getList
[2020-07-31 18:05:11] | ::1 | http://localhost:8080/admin/role/add
[2020-07-31 18:05:38] | ::1 | http://localhost:8080/admin/role
[2020-07-31 18:05:39] | ::1 | http://localhost:8080/admin/role/getList
[2020-07-31 18:05:41] | ::1 | http://localhost:8080/admin/role/add
[2020-07-31 18:11:15] | ::1 | http://localhost:8080/admin/role
[2020-07-31 18:11:16] | ::1 | http://localhost:8080/admin/role/getList
[2020-07-31 18:11:17] | ::1 | http://localhost:8080/admin/role/add
[2020-07-31 18:11:55] | ::1 | http://localhost:8080/admin
[2020-07-31 18:11:55] | ::1 | http://localhost:8080/admin/menu/page
[2020-07-31 18:11:57] | ::1 | http://localhost:8080/admin/menu
[2020-07-31 18:11:57] | ::1 | http://localhost:8080/admin/menu
[2020-07-31 18:12:03] | ::1 | http://localhost:8080/admin/role
[2020-07-31 18:12:04] | ::1 | http://localhost:8080/admin/role/getList
[2020-07-31 18:12:05] | ::1 | http://localhost:8080/admin/role/add
[2020-07-31 18:13:31] | ::1 | http://localhost:8080/admin/role
[2020-07-31 18:13:32] | ::1 | http://localhost:8080/admin/role/getList
[2020-07-31 18:13:33] | ::1 | http://localhost:8080/admin/role/add
[2020-07-31 18:15:57] | ::1 | http://localhost:8080/admin/role
[2020-07-31 18:15:58] | ::1 | http://localhost:8080/admin/role/getList
[2020-07-31 18:16:00] | ::1 | http://localhost:8080/admin/role/add
[2020-07-31 18:17:48] | ::1 | http://localhost:8080/admin/role
[2020-07-31 18:17:49] | ::1 | http://localhost:8080/admin/role/getList
[2020-07-31 18:17:50] | ::1 | http://localhost:8080/admin/role/add
[2020-07-31 18:19:40] | ::1 | http://localhost:8080/admin/role
[2020-07-31 18:19:42] | ::1 | http://localhost:8080/admin/role/getList
[2020-07-31 18:19:43] | ::1 | http://localhost:8080/admin/role/add
[2020-07-31 18:20:04] | ::1 | http://localhost:8080/admin/role
[2020-07-31 18:20:05] | ::1 | http://localhost:8080/admin/role/getList
[2020-07-31 18:20:06] | ::1 | http://localhost:8080/admin/role/add
[2020-07-31 18:21:26] | ::1 | http://localhost:8080/admin/role
[2020-07-31 18:21:27] | ::1 | http://localhost:8080/admin/role/getList
[2020-07-31 18:21:28] | ::1 | http://localhost:8080/admin/role/add
[2020-07-31 18:22:05] | ::1 | http://localhost:8080/admin/role
[2020-07-31 18:22:06] | ::1 | http://localhost:8080/admin/role/getList
[2020-07-31 18:22:07] | ::1 | http://localhost:8080/admin/role/add
[2020-07-31 18:24:15] | ::1 | http://localhost:8080/admin/role
[2020-07-31 18:24:16] | ::1 | http://localhost:8080/admin/role/getList
[2020-07-31 18:24:18] | ::1 | http://localhost:8080/admin/role/add
[2020-07-31 18:28:55] | ::1 | http://localhost:8080/admin/role
[2020-07-31 18:28:56] | ::1 | http://localhost:8080/admin/role/getList
[2020-07-31 18:28:57] | ::1 | http://localhost:8080/admin/role/add
[2020-07-31 18:30:24] | ::1 | http://localhost:8080/admin/role
[2020-07-31 18:30:25] | ::1 | http://localhost:8080/admin/role/getList
[2020-07-31 18:30:26] | ::1 | http://localhost:8080/admin/role/add
[2020-07-31 18:30:44] | ::1 | http://localhost:8080/admin/role/save
