[2020-04-14 00:01:29] | ::1 | http://localhost:8080/admin/menu/add
[2020-04-14 00:02:33] | ::1 | http://localhost:8080/admin/menu/add
[2020-04-14 00:03:17] | ::1 | http://localhost:8080/admin/menu/add
[2020-04-14 00:05:00] | ::1 | http://localhost:8080/admin/menu/add
[2020-04-14 00:05:39] | ::1 | http://localhost:8080/admin/menu/add
[2020-04-14 00:06:31] | ::1 | http://localhost:8080/admin/menu/add
[2020-04-14 00:07:52] | ::1 | http://localhost:8080/admin/menu/add
[2020-04-14 00:08:01] | ::1 | http://localhost:8080/admin/menu/add
[2020-04-14 00:09:49] | ::1 | http://localhost:8080/admin/menu/add
[2020-04-14 00:10:34] | ::1 | http://localhost:8080/admin/menu/add
[2020-04-14 00:11:17] | ::1 | http://localhost:8080/admin/menu/add
[2020-04-14 00:13:49] | ::1 | http://localhost:8080/admin/menu/add
[2020-04-14 00:14:43] | ::1 | http://localhost:8080/admin/menu/add
[2020-04-14 00:18:49] | ::1 | http://localhost:8080/admin/menu/add
[2020-04-14 00:19:13] | ::1 | http://localhost:8080/admin/menu/add
[2020-04-14 00:23:41] | ::1 | http://localhost:8080/admin/menu/add
[2020-04-14 00:24:24] | ::1 | http://localhost:8080/admin/menu/add
[2020-04-14 00:24:53] | ::1 | http://localhost:8080/admin/menu/add
[2020-04-14 00:25:55] | ::1 | http://localhost:8080/admin/menu/add
[2020-04-14 00:26:24] | ::1 | http://localhost:8080/admin/menu/add
[2020-04-14 00:27:06] | ::1 | http://localhost:8080/admin/menu/add
[2020-04-14 00:28:24] | ::1 | http://localhost:8080/admin/menu/add
[2020-04-14 00:29:45] | ::1 | http://localhost:8080/admin/menu/add
[2020-04-14 00:29:51] | ::1 | http://localhost:8080/admin/menu/add
[2020-04-14 09:19:28] | ::1 | http://localhost:8080/
[2020-04-14 09:19:37] | ::1 | http://localhost:8080/admin/menu/add
[2020-04-14 09:23:26] | ::1 | http://localhost:8080/admin/menu/add
[2020-04-14 09:25:34] | ::1 | http://localhost:8080/admin/menu/add
[2020-04-14 09:26:00] | ::1 | http://localhost:8080/admin/menu/add
[2020-04-14 09:30:23] | ::1 | http://localhost:8080/admin/menu/add
[2020-04-14 09:30:43] | ::1 | http://localhost:8080/admin/menu/add
[2020-04-14 09:34:49] | ::1 | http://localhost:8080/admin/menu/add
[2020-04-14 10:01:46] | ::1 | http://localhost:8080/admin/menu/add
[2020-04-14 10:02:10] | ::1 | http://localhost:8080/admin/menu/add
[2020-04-14 10:03:01] | ::1 | http://localhost:8080/admin/menu/add
[2020-04-14 10:03:04] | ::1 | http://localhost:8080/admin/menu/add
[2020-04-14 10:06:15] | ::1 | http://localhost:8080/admin/menu/add
[2020-04-14 10:09:43] | ::1 | http://localhost:8080/admin/menu/add
[2020-04-14 10:11:07] | ::1 | http://localhost:8080/admin/menu/add
[2020-04-14 10:11:49] | ::1 | http://localhost:8080/admin/menu/add
[2020-04-14 10:11:50] | ::1 | http://localhost:8080/admin/menu/add
[2020-04-14 10:12:45] | ::1 | http://localhost:8080/admin/menu/add
[2020-04-14 10:12:54] | ::1 | http://localhost:8080/admin/menu/add
[2020-04-14 10:13:08] | ::1 | http://localhost:8080/admin/menu/add
[2020-04-14 10:13:29] | ::1 | http://localhost:8080/admin/menu/add
[2020-04-14 10:13:30] | ::1 | http://localhost:8080/admin/menu/add
[2020-04-14 11:00:50] | ::1 | http://localhost:8080/admin/menu/add
[2020-04-14 11:01:40] | ::1 | http://localhost:8080/admin/menu/add
[2020-04-14 11:02:39] | ::1 | http://localhost:8080/admin/menu/add
[2020-04-14 11:04:44] | ::1 | http://localhost:8080/admin/menu/add
[2020-04-14 11:05:13] | ::1 | http://localhost:8080/admin/menu/add
[2020-04-14 11:06:16] | ::1 | http://localhost:8080/admin/menu/add
[2020-04-14 11:08:24] | ::1 | http://localhost:8080/admin/menu/add
[2020-04-14 11:09:18] | ::1 | http://localhost:8080/admin/menu/add
[2020-04-14 11:09:40] | ::1 | http://localhost:8080/admin/menu/add
[2020-04-14 11:09:49] | ::1 | http://localhost:8080/admin/menu/add
[2020-04-14 11:14:05] | ::1 | http://localhost:8080/admin/menu/add
[2020-04-14 11:14:19] | ::1 | http://localhost:8080/admin/menu/add
[2020-04-14 11:14:57] | ::1 | http://localhost:8080/admin/menu/add
[2020-04-14 11:15:09] | ::1 | http://localhost:8080/admin/menu/add
[2020-04-14 11:15:12] | ::1 | http://localhost:8080/admin/menu/add
[2020-04-14 11:17:05] | ::1 | http://localhost:8080/admin/menu/add
[2020-04-14 11:23:44] | ::1 | http://localhost:8080/admin/menu/add
[2020-04-14 11:23:54] | ::1 | http://localhost:8080/admin/menu/save
[2020-04-14 11:23:57] | ::1 | http://localhost:8080/admin/menu/add
[2020-04-14 11:25:02] | ::1 | http://localhost:8080/admin/menu/save
[2020-04-14 11:25:05] | ::1 | http://localhost:8080/admin/menu/add
[2020-04-14 11:26:03] | ::1 | http://localhost:8080/admin/menu/add
[2020-04-14 11:26:05] | ::1 | http://localhost:8080/admin/menu/save
[2020-04-14 11:26:08] | ::1 | http://localhost:8080/admin/menu/add
[2020-04-14 11:26:52] | ::1 | http://localhost:8080/admin/menu/add
[2020-04-14 11:26:54] | ::1 | http://localhost:8080/admin/menu/save
[2020-04-14 11:26:56] | ::1 | http://localhost:8080/admin/menu/add
[2020-04-14 11:27:24] | ::1 | http://localhost:8080/admin/menu/add
[2020-04-14 11:27:26] | ::1 | http://localhost:8080/admin/menu/save
[2020-04-14 11:27:28] | ::1 | http://localhost:8080/admin/menu/add
[2020-04-14 11:27:31] | ::1 | http://localhost:8080/admin/menu/save
[2020-04-14 11:27:33] | ::1 | http://localhost:8080/admin/menu/add
[2020-04-14 11:27:41] | ::1 | http://localhost:8080/admin/menu/add
[2020-04-14 11:28:44] | ::1 | http://localhost:8080/admin/menu/add
[2020-04-14 11:28:50] | ::1 | http://localhost:8080/admin/menu/add
[2020-04-14 11:29:46] | ::1 | http://localhost:8080/admin/menu/add
[2020-04-14 11:31:11] | ::1 | http://localhost:8080/admin/menu/add
[2020-04-14 11:42:45] | ::1 | http://localhost:8080/admin/menu/add
[2020-04-14 11:45:04] | ::1 | http://localhost:8080/admin/menu/add
[2020-04-14 11:45:09] | ::1 | http://localhost:8080/admin/menu/save
[2020-04-14 11:45:12] | ::1 | http://localhost:8080/admin/menu/add
[2020-04-14 11:45:18] | ::1 | http://localhost:8080/admin/menu/save
[2020-04-14 11:45:20] | ::1 | http://localhost:8080/admin/menu/add
[2020-04-14 11:45:51] | ::1 | http://localhost:8080/admin/menu/add
[2020-04-14 11:45:54] | ::1 | http://localhost:8080/admin/menu/add
[2020-04-14 11:46:01] | ::1 | http://localhost:8080/admin/menu/save
[2020-04-14 11:52:43] | ::1 | http://localhost:8080/admin/menu/add
[2020-04-14 11:52:45] | ::1 | http://localhost:8080/admin/menu/add
[2020-04-14 11:52:47] | ::1 | http://localhost:8080/admin/menu/add
[2020-04-14 11:52:58] | ::1 | http://localhost:8080/admin/menu/add
[2020-04-14 11:53:04] | ::1 | http://localhost:8080/admin/menu/save
[2020-04-14 11:53:15] | ::1 | http://localhost:8080/admin/menu/add
[2020-04-14 11:53:16] | ::1 | http://localhost:8080/admin/menu/add
[2020-04-14 11:55:27] | ::1 | http://localhost:8080/admin/menu/add
[2020-04-14 11:55:32] | ::1 | http://localhost:8080/admin/menu/save
[2020-04-14 11:55:45] | ::1 | http://localhost:8080/admin/menu/add
[2020-04-14 11:55:46] | ::1 | http://localhost:8080/admin/menu/add
[2020-04-14 13:13:43] | ::1 | http://localhost:8080/admin/menu/add
[2020-04-14 13:13:50] | ::1 | http://localhost:8080/admin/menu/save
[2020-04-14 13:13:52] | ::1 | http://localhost:8080/admin/menu/save
[2020-04-14 13:13:58] | ::1 | http://localhost:8080/admin/menu/save
[2020-04-14 13:20:14] | ::1 | http://localhost:8080/admin/menu/save
[2020-04-14 13:21:47] | ::1 | http://localhost:8080/admin/menu/save
[2020-04-14 13:23:05] | ::1 | http://localhost:8080/admin/menu/add
[2020-04-14 13:24:12] | ::1 | http://localhost:8080/admin/menu/save
[2020-04-14 13:24:23] | ::1 | http://localhost:8080/admin/menu/add
[2020-04-14 13:29:36] | ::1 | http://localhost:8080/admin/menu/add
[2020-04-14 13:30:20] | ::1 | http://localhost:8080/admin/menu/save
[2020-04-14 13:32:48] | ::1 | http://localhost:8080/admin/menu/save
[2020-04-14 13:32:51] | ::1 | http://localhost:8080/admin/menu/add
[2020-04-14 13:32:57] | ::1 | http://localhost:8080/admin/menu/menu
[2020-04-14 13:33:01] | ::1 | http://localhost:8080/admin/menu
[2020-04-14 13:34:17] | ::1 | http://localhost:8080/admin/menu
[2020-04-14 13:35:51] | ::1 | http://localhost:8080/admin/menu
[2020-04-14 13:37:04] | ::1 | http://localhost:8080/admin/menu
[2020-04-14 13:37:48] | ::1 | http://localhost:8080/admin/menu
[2020-04-14 13:37:59] | ::1 | http://localhost:8080/admin/menu
[2020-04-14 13:39:19] | ::1 | http://localhost:8080/admin/menu
[2020-04-14 13:39:21] | ::1 | http://localhost:8080/admin/menu
[2020-04-14 13:39:31] | ::1 | http://localhost:8080/admin/menu
[2020-04-14 13:39:34] | ::1 | http://localhost:8080/admin/menu/add
[2020-04-14 14:28:00] | ::1 | http://localhost:8080/admin/menu
[2020-04-14 14:28:40] | ::1 | http://localhost:8080/admin/menu
[2020-04-14 14:29:13] | ::1 | http://localhost:8080/admin/menu
[2020-04-14 14:29:15] | ::1 | http://localhost:8080/admin/menu
[2020-04-14 14:33:17] | ::1 | http://localhost:8080/admin/menu
[2020-04-14 14:34:41] | ::1 | http://localhost:8080/admin/menu
[2020-04-14 14:38:55] | ::1 | http://localhost:8080/admin/menu
[2020-04-14 14:39:33] | ::1 | http://localhost:8080/admin/menu
[2020-04-14 18:24:08] | ::1 | http://localhost:8080/admin/menu
[2020-04-14 18:24:31] | ::1 | http://localhost:8080/admin/menu
[2020-04-14 18:27:02] | ::1 | http://localhost:8080/admin/menu
[2020-04-14 18:28:54] | ::1 | http://localhost:8080/admin/menu
[2020-04-14 18:28:57] | ::1 | http://localhost:8080/admin/menu
[2020-04-14 18:29:37] | ::1 | http://localhost:8080/admin/menu
[2020-04-14 18:29:39] | ::1 | http://localhost:8080/admin/menu
[2020-04-14 18:29:57] | ::1 | http://localhost:8080/admin/menu
[2020-04-14 18:29:59] | ::1 | http://localhost:8080/admin/menu
[2020-04-14 18:31:11] | ::1 | http://localhost:8080/admin/menu
[2020-04-14 18:32:36] | ::1 | http://localhost:8080/admin/menu
[2020-04-14 18:32:55] | ::1 | http://localhost:8080/admin/menu
[2020-04-14 18:33:17] | ::1 | http://localhost:8080/admin/menu
[2020-04-14 18:35:11] | ::1 | http://localhost:8080/admin/menu
[2020-04-14 18:35:53] | ::1 | http://localhost:8080/admin/menu
[2020-04-14 18:36:23] | ::1 | http://localhost:8080/admin/menu
