[2020-04-16 00:10:18] | ::1 | http://localhost:8080/admin/menu
[2020-04-16 00:12:11] | ::1 | http://localhost:8080/admin/menu
[2020-04-16 00:13:51] | ::1 | http://localhost:8080/admin/menu
[2020-04-16 00:16:29] | ::1 | http://localhost:8080/admin/menu
[2020-04-16 00:17:11] | ::1 | http://localhost:8080/admin/menu
[2020-04-16 00:17:18] | ::1 | http://localhost:8080/admin/menu
[2020-04-16 00:17:24] | ::1 | http://localhost:8080/admin/menu/add
[2020-04-16 00:17:43] | ::1 | http://localhost:8080/admin/menu
[2020-04-16 00:17:45] | ::1 | http://localhost:8080/admin/menu/add
[2020-04-16 00:18:43] | ::1 | http://localhost:8080/admin/menu
[2020-04-16 00:18:49] | ::1 | http://localhost:8080/admin/menu/edit?menuid=78
[2020-04-16 00:18:53] | ::1 | http://localhost:8080/admin/menu
[2020-04-16 00:18:55] | ::1 | http://localhost:8080/admin/menu/add
[2020-04-16 10:12:51] | ::1 | http://localhost:8080/admin
[2020-04-16 10:17:40] | ::1 | http://localhost:8080/admin
[2020-04-16 10:18:42] | ::1 | http://localhost:8080/admin
[2020-04-16 10:18:55] | ::1 | http://localhost:8080/admin
[2020-04-16 10:22:22] | ::1 | http://localhost:8080/admin
[2020-04-16 10:31:03] | ::1 | http://localhost:8080/admin
[2020-04-16 10:31:14] | ::1 | http://localhost:8080/admin
[2020-04-16 10:31:15] | ::1 | http://localhost:8080/admin/menu/page
[2020-04-16 10:32:02] | ::1 | http://localhost:8080/admin
[2020-04-16 10:32:02] | ::1 | http://localhost:8080/admin/menu/page
[2020-04-16 10:34:05] | ::1 | http://localhost:8080/admin
[2020-04-16 10:34:06] | ::1 | http://localhost:8080/admin/menu/page
[2020-04-16 10:34:59] | ::1 | http://localhost:8080/admin
[2020-04-16 10:34:59] | ::1 | http://localhost:8080/admin/menu/page
[2020-04-16 10:38:08] | ::1 | http://localhost:8080/admin
[2020-04-16 10:38:08] | ::1 | http://localhost:8080/admin/menu/page
[2020-04-16 10:39:29] | ::1 | http://localhost:8080/admin
[2020-04-16 10:39:29] | ::1 | http://localhost:8080/admin/menu/page
[2020-04-16 10:39:33] | ::1 | http://localhost:8080/admin
[2020-04-16 10:44:03] | ::1 | http://localhost:8080/admin
[2020-04-16 10:44:03] | ::1 | http://localhost:8080/admin/menu/page
[2020-04-16 10:44:27] | ::1 | http://localhost:8080/admin
[2020-04-16 10:44:27] | ::1 | http://localhost:8080/admin/menu/page
[2020-04-16 10:44:33] | ::1 | http://localhost:8080/admin
[2020-04-16 10:44:33] | ::1 | http://localhost:8080/admin/menu/page
[2020-04-16 10:44:35] | ::1 | http://localhost:8080/admin/menu
[2020-04-16 10:44:46] | ::1 | http://localhost:8080/admin
[2020-04-16 10:45:05] | ::1 | http://localhost:8080/admin/menu/edit?menuid=78
[2020-04-16 10:49:40] | ::1 | http://localhost:8080/admin/menu
[2020-04-16 10:49:44] | ::1 | http://localhost:8080/admin/menu/edit?menuid=78
[2020-04-16 10:49:57] | ::1 | http://localhost:8080/admin/menu/save
[2020-04-16 10:50:05] | ::1 | http://localhost:8080/admin/menu/save
[2020-04-16 10:50:19] | ::1 | http://localhost:8080/admin/menu/save
[2020-04-16 10:52:05] | ::1 | http://localhost:8080/admin/menu/save
[2020-04-16 10:52:05] | ::1 | http://localhost:8080/admin/menu
[2020-04-16 10:58:32] | ::1 | http://localhost:8080/admin
[2020-04-16 10:58:32] | ::1 | http://localhost:8080/admin/menu/page
[2020-04-16 10:58:38] | ::1 | http://localhost:8080/admin
[2020-04-16 10:58:38] | ::1 | http://localhost:8080/admin/menu/page
[2020-04-16 10:58:47] | ::1 | http://localhost:8080/admin/menu
[2020-04-16 10:58:57] | ::1 | http://localhost:8080/admin/menu
[2020-04-16 11:02:21] | ::1 | http://localhost:8080/admin/menu
[2020-04-16 11:04:23] | ::1 | http://localhost:8080/admin/menu
[2020-04-16 11:05:26] | ::1 | http://localhost:8080/admin/menu
[2020-04-16 11:12:33] | ::1 | http://localhost:8080/admin/menu
[2020-04-16 11:12:54] | ::1 | http://localhost:8080/admin/menu
[2020-04-16 11:34:52] | ::1 | http://localhost:8080/admin/menu
[2020-04-16 11:38:27] | ::1 | http://localhost:8080/admin
[2020-04-16 11:38:27] | ::1 | http://localhost:8080/admin
[2020-04-16 11:38:28] | ::1 | http://localhost:8080/admin/menu/page
[2020-04-16 11:38:30] | ::1 | http://localhost:8080/admin
[2020-04-16 11:38:31] | ::1 | http://localhost:8080/admin/menu/page
[2020-04-16 11:38:45] | ::1 | http://localhost:8080/admin
[2020-04-16 11:38:45] | ::1 | http://localhost:8080/admin/menu/page
[2020-04-16 11:38:48] | ::1 | http://localhost:8080/admin
[2020-04-16 11:40:23] | ::1 | http://localhost:8080/admin
[2020-04-16 11:42:07] | ::1 | http://localhost:8080/admin
[2020-04-16 11:42:44] | ::1 | http://localhost:8080/admin
[2020-04-16 11:42:59] | ::1 | http://localhost:8080/admin
[2020-04-16 11:44:57] | ::1 | http://localhost:8080/admin
[2020-04-16 11:44:58] | ::1 | http://localhost:8080/admin
[2020-04-16 11:47:06] | ::1 | http://localhost:8080/admin
[2020-04-16 11:47:07] | ::1 | http://localhost:8080/admin
[2020-04-16 11:47:21] | ::1 | http://localhost:8080/admin
[2020-04-16 11:47:22] | ::1 | http://localhost:8080/admin
[2020-04-16 11:47:34] | ::1 | http://localhost:8080/admin
[2020-04-16 11:48:50] | ::1 | http://localhost:8080/admin
[2020-04-16 12:22:42] | ::1 | http://localhost:8080/admin
[2020-04-16 12:22:44] | ::1 | http://localhost:8080/admin
[2020-04-16 12:23:04] | ::1 | http://localhost:8080/admin
[2020-04-16 12:23:35] | ::1 | http://localhost:8080/admin
[2020-04-16 12:24:36] | ::1 | http://localhost:8080/admin
[2020-04-16 12:33:12] | ::1 | http://localhost:8080/admin
[2020-04-16 12:33:13] | ::1 | http://localhost:8080/admin
[2020-04-16 12:33:41] | ::1 | http://localhost:8080/admin
[2020-04-16 12:33:55] | ::1 | http://localhost:8080/admin
[2020-04-16 12:33:56] | ::1 | http://localhost:8080/admin
[2020-04-16 12:39:48] | ::1 | http://localhost:8080/admin
[2020-04-16 12:41:46] | ::1 | http://localhost:8080/admin
[2020-04-16 12:41:46] | ::1 | http://localhost:8080/admin/menu/page
[2020-04-16 12:45:36] | ::1 | http://localhost:8080/admin
[2020-04-16 12:45:37] | ::1 | http://localhost:8080/admin/menu/page
[2020-04-16 12:46:17] | ::1 | http://localhost:8080/admin
[2020-04-16 12:46:18] | ::1 | http://localhost:8080/admin/menu/page
[2020-04-16 12:46:32] | ::1 | http://localhost:8080/admin/
[2020-04-16 12:46:32] | ::1 | http://localhost:8080/admin/menu/page
[2020-04-16 12:46:55] | ::1 | http://localhost:8080/admin/
[2020-04-16 12:49:44] | ::1 | http://localhost:8080/admin/
[2020-04-16 12:49:45] | ::1 | http://localhost:8080/admin/menu/page
[2020-04-16 12:54:59] | ::1 | http://localhost:8080/admin/menu
[2020-04-16 13:03:06] | ::1 | http://localhost:8080/admin/
[2020-04-16 13:03:07] | ::1 | http://localhost:8080/admin/menu/page
[2020-04-16 13:03:11] | ::1 | http://localhost:8080/admin/menu
[2020-04-16 13:03:15] | ::1 | http://localhost:8080/admin/menu/add
[2020-04-16 13:04:21] | ::1 | http://localhost:8080/admin/
[2020-04-16 13:04:22] | ::1 | http://localhost:8080/admin/menu/page
[2020-04-16 13:04:25] | ::1 | http://localhost:8080/admin/menu
[2020-04-16 13:04:30] | ::1 | http://localhost:8080/admin/menu/add
[2020-04-16 13:05:03] | ::1 | http://localhost:8080/admin/menu/save
[2020-04-16 13:05:11] | ::1 | http://localhost:8080/admin/menu/save
[2020-04-16 13:05:20] | ::1 | http://localhost:8080/admin/menu/save
[2020-04-16 13:06:30] | ::1 | http://localhost:8080/admin/menu/save
[2020-04-16 13:06:31] | ::1 | http://localhost:8080/admin/menu
[2020-04-16 13:06:44] | ::1 | http://localhost:8080/admin/menu/edit?menuid=96
[2020-04-16 13:06:59] | ::1 | http://localhost:8080/admin/menu/save
[2020-04-16 13:06:59] | ::1 | http://localhost:8080/admin/menu
[2020-04-16 13:07:07] | ::1 | http://localhost:8080/admin/menu/edit?menuid=98
[2020-04-16 13:07:15] | ::1 | http://localhost:8080/admin/menu/save
[2020-04-16 13:07:15] | ::1 | http://localhost:8080/admin/menu
[2020-04-16 13:07:19] | ::1 | http://localhost:8080/admin/
[2020-04-16 13:07:19] | ::1 | http://localhost:8080/admin/menu/page
[2020-04-16 13:07:44] | ::1 | http://localhost:8080/admin/menu
[2020-04-16 13:07:52] | ::1 | http://localhost:8080/admin/menu/edit?menuid=80
[2020-04-16 13:08:09] | ::1 | http://localhost:8080/admin/menu/save
[2020-04-16 13:08:10] | ::1 | http://localhost:8080/admin/menu
[2020-04-16 13:08:17] | ::1 | http://localhost:8080/admin/menu/edit?menuid=94
[2020-04-16 13:08:28] | ::1 | http://localhost:8080/admin/menu/save
[2020-04-16 13:08:28] | ::1 | http://localhost:8080/admin/menu
[2020-04-16 13:08:31] | ::1 | http://localhost:8080/admin/menu/edit?menuid=81
[2020-04-16 13:08:43] | ::1 | http://localhost:8080/admin/menu/save
[2020-04-16 13:08:44] | ::1 | http://localhost:8080/admin/menu
[2020-04-16 13:08:53] | ::1 | http://localhost:8080/admin/menu/edit?menuid=92
[2020-04-16 13:09:04] | ::1 | http://localhost:8080/admin/menu/save
[2020-04-16 13:09:05] | ::1 | http://localhost:8080/admin/menu
[2020-04-16 13:09:11] | ::1 | http://localhost:8080/admin/
[2020-04-16 13:09:12] | ::1 | http://localhost:8080/admin/menu/page
[2020-04-16 13:10:21] | ::1 | http://localhost:8080/admin/menu
[2020-04-16 13:10:28] | ::1 | http://localhost:8080/admin/menu/edit?menuid=100
[2020-04-16 13:10:34] | ::1 | http://localhost:8080/admin/menu/save
[2020-04-16 13:10:34] | ::1 | http://localhost:8080/admin/menu
[2020-04-16 13:12:11] | ::1 | http://localhost:8080/admin/menu
[2020-04-16 13:12:51] | ::1 | http://localhost:8080/admin/menu
[2020-04-16 13:13:10] | ::1 | http://localhost:8080/admin/menu
[2020-04-16 13:13:54] | ::1 | http://localhost:8080/admin/menu
[2020-04-16 13:14:42] | ::1 | http://localhost:8080/admin/menu/edit?menuid=99
[2020-04-16 13:14:46] | ::1 | http://localhost:8080/admin/menu/save
[2020-04-16 13:14:46] | ::1 | http://localhost:8080/admin/menu
[2020-04-16 13:14:50] | ::1 | http://localhost:8080/admin/
[2020-04-16 13:14:50] | ::1 | http://localhost:8080/admin/menu/page
[2020-04-16 13:15:19] | ::1 | http://localhost:8080/admin/menu
[2020-04-16 13:15:42] | ::1 | http://localhost:8080/admin/menu/edit?menuid=80
[2020-04-16 13:15:47] | ::1 | http://localhost:8080/admin/menu/save
[2020-04-16 13:15:47] | ::1 | http://localhost:8080/admin/menu
[2020-04-16 13:15:59] | ::1 | http://localhost:8080/admin/menu/edit?menuid=94
[2020-04-16 13:16:02] | ::1 | http://localhost:8080/admin/menu/save
[2020-04-16 13:16:02] | ::1 | http://localhost:8080/admin/menu
[2020-04-16 13:16:26] | ::1 | http://localhost:8080/admin/menu/edit?menuid=81
[2020-04-16 13:16:31] | ::1 | http://localhost:8080/admin/menu/save
[2020-04-16 13:16:31] | ::1 | http://localhost:8080/admin/menu
[2020-04-16 13:16:38] | ::1 | http://localhost:8080/admin/menu/edit?menuid=99
[2020-04-16 13:16:42] | ::1 | http://localhost:8080/admin/menu/save
[2020-04-16 13:16:42] | ::1 | http://localhost:8080/admin/menu
[2020-04-16 13:16:45] | ::1 | http://localhost:8080/admin/menu/edit?menuid=78
[2020-04-16 13:16:51] | ::1 | http://localhost:8080/admin/menu/save
[2020-04-16 13:16:51] | ::1 | http://localhost:8080/admin/menu
[2020-04-16 13:17:18] | ::1 | http://localhost:8080/admin/menu/edit?menuid=101
[2020-04-16 13:17:22] | ::1 | http://localhost:8080/admin/menu/save
[2020-04-16 13:17:22] | ::1 | http://localhost:8080/admin/menu
[2020-04-16 13:17:26] | ::1 | http://localhost:8080/admin/
[2020-04-16 13:17:27] | ::1 | http://localhost:8080/admin/menu/page
[2020-04-16 13:17:57] | ::1 | http://localhost:8080/admin/menu
[2020-04-16 13:18:08] | ::1 | http://localhost:8080/admin/menu/edit?menuid=92
[2020-04-16 13:18:11] | ::1 | http://localhost:8080/admin/menu/save
[2020-04-16 13:18:11] | ::1 | http://localhost:8080/admin/menu
[2020-04-16 13:21:56] | ::1 | http://localhost:8080/admin/
[2020-04-16 13:21:57] | ::1 | http://localhost:8080/admin/menu/page
[2020-04-16 13:22:39] | ::1 | http://localhost:8080/admin/
[2020-04-16 13:22:40] | ::1 | http://localhost:8080/admin/menu/page
[2020-04-16 13:22:42] | ::1 | http://localhost:8080/admin/menu
[2020-04-16 13:22:53] | ::1 | http://localhost:8080/admin/menu/edit?menuid=101
[2020-04-16 13:22:59] | ::1 | http://localhost:8080/admin/menu/save
[2020-04-16 13:22:59] | ::1 | http://localhost:8080/admin/menu
[2020-04-16 13:24:07] | ::1 | http://localhost:8080/admin/menu/edit?menuid=78
[2020-04-16 13:24:11] | ::1 | http://localhost:8080/admin/menu/save
[2020-04-16 13:24:11] | ::1 | http://localhost:8080/admin/menu
[2020-04-16 13:24:16] | ::1 | http://localhost:8080/admin/
[2020-04-16 13:24:17] | ::1 | http://localhost:8080/admin/menu/page
[2020-04-16 13:24:56] | ::1 | http://localhost:8080/admin/menu
[2020-04-16 13:27:49] | ::1 | http://localhost:8080/admin/menu
[2020-04-16 13:29:14] | ::1 | http://localhost:8080/admin/menu/add
[2020-04-16 13:29:34] | ::1 | http://localhost:8080/admin/menu
[2020-04-16 13:32:48] | ::1 | http://localhost:8080/admin/menu/edit?menuid=97
[2020-04-16 13:32:56] | ::1 | http://localhost:8080/admin/menu
[2020-04-16 13:37:35] | ::1 | http://localhost:8080/admin/
[2020-04-16 13:37:36] | ::1 | http://localhost:8080/admin/menu/page
[2020-04-16 13:40:06] | ::1 | http://localhost:8080/admin/
[2020-04-16 13:40:07] | ::1 | http://localhost:8080/admin/menu/page
[2020-04-16 13:40:11] | ::1 | http://localhost:8080/admin/menu
[2020-04-16 13:41:29] | ::1 | http://localhost:8080/admin/menu/add
[2020-04-16 13:41:56] | ::1 | http://localhost:8080/admin/menu/save
[2020-04-16 13:41:57] | ::1 | http://localhost:8080/admin/menu
[2020-04-16 13:42:06] | ::1 | http://localhost:8080/admin/
[2020-04-16 13:42:07] | ::1 | http://localhost:8080/admin/menu/page
[2020-04-16 13:42:21] | ::1 | http://localhost:8080/admin/menu
[2020-04-16 13:42:50] | ::1 | http://localhost:8080/admin/menu
[2020-04-16 13:42:52] | ::1 | http://localhost:8080/admin/
[2020-04-16 13:42:53] | ::1 | http://localhost:8080/admin/menu/page
[2020-04-16 13:43:12] | ::1 | http://localhost:8080/admin/menu
[2020-04-16 13:44:33] | ::1 | http://localhost:8080/admin/menu/edit?menuid=97
[2020-04-16 13:44:45] | ::1 | http://localhost:8080/admin/menu
[2020-04-16 14:06:50] | ::1 | http://localhost:8080/admin/menu
[2020-04-16 14:07:39] | ::1 | http://localhost:8080/admin/menu
