[2020-04-21 14:46:59] | ::1 | http://localhost:8089/admin/
[2020-04-21 14:47:00] | ::1 | http://localhost:8089/admin/menu/page
[2020-04-21 14:47:05] | ::1 | http://localhost:8089/admin/menu
[2020-04-21 14:47:13] | ::1 | http://localhost:8089/admin/menu/edit?menuid=98
[2020-04-21 14:47:54] | ::1 | http://localhost:8089/admin/menu
[2020-04-21 14:47:57] | ::1 | http://localhost:8089/admin/menu/edit?menuid=98
[2020-04-21 15:08:57] | ::1 | http://localhost:8089/admin/menu
[2020-04-21 15:09:03] | ::1 | http://localhost:8089/admin/menu/edit?menuid=98
[2020-04-21 15:10:39] | ::1 | http://localhost:8089/admin/menu/save
[2020-04-21 15:10:40] | ::1 | http://localhost:8089/admin/menu
[2020-04-21 15:10:43] | ::1 | http://localhost:8089/admin/menu/edit?menuid=98
[2020-04-21 15:10:47] | ::1 | http://localhost:8089/admin/menu
[2020-04-21 15:10:49] | ::1 | http://localhost:8089/admin/menu/edit?menuid=102
[2020-04-21 15:10:56] | ::1 | http://localhost:8089/admin/menu/save
[2020-04-21 15:10:56] | ::1 | http://localhost:8089/admin/menu
[2020-04-21 15:11:18] | ::1 | http://localhost:8089/admin/menu/edit?menuid=96
[2020-04-21 15:11:27] | ::1 | http://localhost:8089/admin/menu/save
[2020-04-21 15:11:27] | ::1 | http://localhost:8089/admin/menu
[2020-04-21 15:11:35] | ::1 | http://localhost:8089/admin/menu/edit?menuid=97
[2020-04-21 15:11:41] | ::1 | http://localhost:8089/admin/menu/save
[2020-04-21 15:11:42] | ::1 | http://localhost:8089/admin/menu
[2020-04-21 15:11:48] | ::1 | http://localhost:8089/admin/menu/edit?menuid=97
[2020-04-21 15:11:54] | ::1 | http://localhost:8089/admin/menu
[2020-04-21 15:16:41] | ::1 | http://localhost:8089/admin/role
[2020-04-21 15:16:42] | ::1 | http://localhost:8089/admin/role/getList?order=asc&limit=10&offset=0
[2020-04-21 15:22:04] | ::1 | http://localhost:8089/admin/role
[2020-04-21 15:22:05] | ::1 | http://localhost:8089/admin/role/getList?order=asc&limit=10&offset=0
[2020-04-21 15:23:34] | ::1 | http://localhost:8089/admin/role
[2020-04-21 15:23:35] | ::1 | http://localhost:8089/admin/role/getList?order=asc&limit=10&offset=0
[2020-04-21 15:30:33] | ::1 | http://localhost:8089/admin/role
[2020-04-21 15:30:33] | ::1 | http://localhost:8089/admin/role/getList?order=asc&limit=10&offset=0
[2020-04-21 15:31:42] | ::1 | http://localhost:8089/admin/
[2020-04-21 15:31:42] | ::1 | http://localhost:8089/admin/menu/page
[2020-04-21 15:31:47] | ::1 | http://localhost:8089/admin/role
[2020-04-21 15:31:48] | ::1 | http://localhost:8089/admin/role/getList?order=asc&limit=10&offset=0
[2020-04-21 16:01:15] | ::1 | http://localhost:8089/admin/role
[2020-04-21 16:01:20] | ::1 | http://localhost:8089/admin/role
[2020-04-21 16:01:35] | ::1 | http://localhost:8089/admin/role
[2020-04-21 16:01:36] | ::1 | http://localhost:8089/admin/role/getList?order=asc&limit=10&offset=0
[2020-04-21 16:05:22] | ::1 | http://localhost:8089/admin/role
[2020-04-21 16:05:23] | ::1 | http://localhost:8089/admin/role/getList?order=asc&limit=10&offset=0
[2020-04-21 16:05:27] | ::1 | http://localhost:8089/admin/
[2020-04-21 16:05:27] | ::1 | http://localhost:8089/admin/menu/page
[2020-04-21 16:05:30] | ::1 | http://localhost:8089/admin/role
[2020-04-21 16:05:31] | ::1 | http://localhost:8089/admin/role/getList?order=asc&limit=10&offset=0
[2020-04-21 16:12:17] | ::1 | http://localhost:8089/admin/role
[2020-04-21 16:12:18] | ::1 | http://localhost:8089/admin/role/getList?order=asc&limit=10&offset=0
[2020-04-21 16:12:21] | ::1 | http://localhost:8089/admin/role/getList?order=asc&limit=10&offset=0
[2020-04-21 16:12:59] | ::1 | http://localhost:8089/admin/role
[2020-04-21 16:13:00] | ::1 | http://localhost:8089/admin/role/getList?order=asc&limit=10&offset=0
[2020-04-21 16:23:42] | ::1 | http://localhost:8089/admin/role
[2020-04-21 16:23:42] | ::1 | http://localhost:8089/admin/role/getList?order=asc&limit=10&offset=0
[2020-04-21 16:24:19] | ::1 | http://localhost:8089/admin/role/getList?search=%E7%AE%A1%E7%90%86%E5%91%98&order=asc&limit=10&offset=0
[2020-04-21 16:24:21] | ::1 | http://localhost:8089/admin/role/getList?search=%E7%AE%A1%E7%90%86%E5%91%98&order=asc&limit=10&offset=0
[2020-04-21 16:27:18] | ::1 | http://localhost:8089/admin/role
[2020-04-21 16:27:18] | ::1 | http://localhost:8089/admin/role/getList?order=asc&limit=10&offset=0
[2020-04-21 16:29:08] | ::1 | http://localhost:8089/admin/role
[2020-04-21 16:29:09] | ::1 | http://localhost:8089/admin/role/getList?order=asc&limit=10&offset=0
[2020-04-21 16:29:56] | ::1 | http://localhost:8089/admin/role
[2020-04-21 16:29:56] | ::1 | http://localhost:8089/admin/role/getList?order=asc&limit=10&offset=0
[2020-04-21 16:30:17] | ::1 | http://localhost:8089/admin/role
[2020-04-21 16:30:17] | ::1 | http://localhost:8089/admin/role/getList?order=asc&limit=10&offset=0
[2020-04-21 16:35:11] | ::1 | http://localhost:8089/admin/role
[2020-04-21 16:35:12] | ::1 | http://localhost:8089/admin/role/getList?order=asc&limit=10&offset=0
[2020-04-21 16:35:43] | ::1 | http://localhost:8089/admin/role
[2020-04-21 16:35:43] | ::1 | http://localhost:8089/admin/role/getList?order=asc&limit=10&offset=0
[2020-04-21 16:36:09] | ::1 | http://localhost:8089/admin/role
[2020-04-21 16:36:10] | ::1 | http://localhost:8089/admin/role/getList?order=asc&limit=10&offset=0
[2020-04-21 16:38:27] | ::1 | http://localhost:8089/admin/role
[2020-04-21 16:38:28] | ::1 | http://localhost:8089/admin/role/getList?order=asc&limit=10&offset=0
[2020-04-21 16:42:57] | ::1 | http://localhost:8089/admin/role
[2020-04-21 16:43:19] | ::1 | http://localhost:8089/admin/role
[2020-04-21 16:43:20] | ::1 | http://localhost:8089/admin/role/getList?_=1587458599966
[2020-04-21 16:43:25] | ::1 | http://localhost:8089/admin/role
[2020-04-21 16:43:26] | ::1 | http://localhost:8089/admin/role/getList?_=1587458606139
[2020-04-21 16:43:41] | ::1 | http://localhost:8089/admin/role
[2020-04-21 16:43:41] | ::1 | http://localhost:8089/admin/role/getList
[2020-04-21 17:53:32] | ::1 | http://localhost:8089/admin/role
[2020-04-21 17:53:34] | ::1 | http://localhost:8089/admin/role/getList
[2020-04-21 17:54:20] | ::1 | http://localhost:8089/admin/role
[2020-04-21 17:54:21] | ::1 | http://localhost:8089/admin/role/getList
[2020-04-21 17:57:27] | ::1 | http://localhost:8089/admin/
[2020-04-21 17:57:29] | ::1 | http://localhost:8089/admin/menu/page
[2020-04-21 17:57:33] | ::1 | http://localhost:8089/admin/role
[2020-04-21 17:57:35] | ::1 | http://localhost:8089/admin/role/getList
[2020-04-21 18:06:51] | ::1 | http://localhost:8089/admin/role
[2020-04-21 18:06:52] | ::1 | http://localhost:8089/admin/role/getList
[2020-04-21 18:07:14] | ::1 | http://localhost:8089/admin/role
[2020-04-21 18:07:15] | ::1 | http://localhost:8089/admin/role/getList
[2020-04-21 18:10:55] | ::1 | http://localhost:8089/admin/role
[2020-04-21 18:10:55] | ::1 | http://localhost:8089/admin/role/getList
[2020-04-21 18:12:33] | ::1 | http://localhost:8089/admin/role
[2020-04-21 18:12:34] | ::1 | http://localhost:8089/admin/role/getList
