[2020-04-18 20:06:36] | ::1 | http://localhost:8080/admin/
[2020-04-18 20:06:36] | ::1 | http://localhost:8080/admin/menu/page
[2020-04-18 20:06:43] | ::1 | http://localhost:8080/admin/menu
[2020-04-18 20:06:53] | ::1 | http://localhost:8080/admin/menu/edit?menuid=86
[2020-04-18 20:07:10] | ::1 | http://localhost:8080/admin/menu
[2020-04-18 22:15:20] | ::1 | http://localhost:8080/
[2020-04-18 22:23:05] | ::1 | http://localhost:8080/admin/menu/page
[2020-04-18 22:23:10] | ::1 | http://localhost:8080/admin/role
[2020-04-18 22:23:15] | ::1 | http://localhost:8080/admin/menu
[2020-04-18 22:23:25] | ::1 | http://localhost:8080/admin/menu/edit?menuid=98
[2020-04-18 23:14:38] | ::1 | http://localhost:8080/admin/menu
[2020-04-18 23:14:41] | ::1 | http://localhost:8080/admin/menu/add
[2020-04-18 23:19:18] | ::1 | http://localhost:8080/admin/menu
[2020-04-18 23:19:19] | ::1 | http://localhost:8080/admin/menu/add
[2020-04-18 23:36:31] | ::1 | http://localhost:8080/admin/menu
[2020-04-18 23:36:33] | ::1 | http://localhost:8080/admin/menu/add
[2020-04-18 23:42:32] | ::1 | http://localhost:8080/admin/menu
[2020-04-18 23:42:34] | ::1 | http://localhost:8080/admin/menu/add
[2020-04-18 23:43:48] | ::1 | http://localhost:8080/admin/menu
[2020-04-18 23:43:56] | ::1 | http://localhost:8080/admin/menu/edit?menuid=96
[2020-04-18 23:44:03] | ::1 | http://localhost:8080/admin/menu/save
[2020-04-18 23:44:13] | ::1 | http://localhost:8080/admin/menu/save
[2020-04-18 23:46:50] | ::1 | http://localhost:8080/admin/menu/save
[2020-04-18 23:47:45] | ::1 | http://localhost:8080/admin/menu/save
[2020-04-18 23:56:45] | ::1 | http://localhost:8080/admin/menu/save
[2020-04-18 23:59:41] | ::1 | http://localhost:8080/admin/menu/save
