[2020-04-19 00:09:43] | ::1 | http://localhost:8080/admin/menu/save
[2020-04-19 00:09:59] | ::1 | http://localhost:8080/admin/menu
[2020-04-19 00:10:06] | ::1 | http://localhost:8080/admin/menu
[2020-04-19 00:10:07] | ::1 | http://localhost:8080/admin/menu
[2020-04-19 00:10:07] | ::1 | http://localhost:8080/admin/menu
[2020-04-19 00:31:46] | ::1 | http://localhost:8080/admin/
[2020-04-19 00:31:47] | ::1 | http://localhost:8080/admin/menu/page
[2020-04-19 00:31:52] | ::1 | http://localhost:8080/admin/menu
[2020-04-19 00:33:36] | ::1 | http://localhost:8080/admin/menu/edit?menuid=60
[2020-04-19 00:34:28] | ::1 | http://localhost:8080/admin/menu
[2020-04-19 00:34:31] | ::1 | http://localhost:8080/admin/menu/edit?menuid=60
[2020-04-19 00:34:52] | ::1 | http://localhost:8080/admin/menu
[2020-04-19 00:34:55] | ::1 | http://localhost:8080/admin/menu/edit?menuid=60
[2020-04-19 00:35:01] | ::1 | http://localhost:8080/admin/menu/save
[2020-04-19 00:35:01] | ::1 | http://localhost:8080/admin/menu
[2020-04-19 00:35:05] | ::1 | http://localhost:8080/admin/menu/edit?menuid=60
[2020-04-19 00:35:28] | ::1 | http://localhost:8080/admin/menu/save
[2020-04-19 00:35:28] | ::1 | http://localhost:8080/admin/menu
[2020-04-19 00:36:26] | ::1 | http://localhost:8080/admin/menu/edit?menuid=79
[2020-04-19 00:36:48] | ::1 | http://localhost:8080/admin/menu
[2020-04-19 00:36:58] | ::1 | http://localhost:8080/admin/menu/edit?menuid=60
[2020-04-19 00:37:05] | ::1 | http://localhost:8080/admin/menu/save
[2020-04-19 00:37:05] | ::1 | http://localhost:8080/admin/menu
[2020-04-19 00:37:56] | ::1 | http://localhost:8080/admin/menu/edit?menuid=60
[2020-04-19 00:38:02] | ::1 | http://localhost:8080/admin/menu/save
[2020-04-19 00:38:02] | ::1 | http://localhost:8080/admin/menu
[2020-04-19 00:38:04] | ::1 | http://localhost:8080/admin/menu/edit?menuid=60
[2020-04-19 00:38:15] | ::1 | http://localhost:8080/admin/menu/save
[2020-04-19 00:38:15] | ::1 | http://localhost:8080/admin/menu
[2020-04-19 00:38:31] | ::1 | http://localhost:8080/admin/menu/edit?menuid=60
[2020-04-19 00:39:19] | ::1 | http://localhost:8080/admin/menu/save
[2020-04-19 00:39:19] | ::1 | http://localhost:8080/admin/menu
[2020-04-19 00:40:25] | ::1 | http://localhost:8080/admin/
[2020-04-19 00:40:25] | ::1 | http://localhost:8080/admin/menu/page
[2020-04-19 00:40:32] | ::1 | http://localhost:8080/admin/menu
[2020-04-19 00:40:40] | ::1 | http://localhost:8080/admin/menu/edit?menuid=60
[2020-04-19 00:40:51] | ::1 | http://localhost:8080/admin/menu/save
[2020-04-19 00:40:52] | ::1 | http://localhost:8080/admin/menu
[2020-04-19 00:41:50] | ::1 | http://localhost:8080/admin/menu/edit?menuid=60
[2020-04-19 00:41:55] | ::1 | http://localhost:8080/admin/menu/save
[2020-04-19 00:48:43] | ::1 | http://localhost:8080/admin/menu/save
[2020-04-19 00:48:56] | ::1 | http://localhost:8080/admin/menu
[2020-04-19 00:48:59] | ::1 | http://localhost:8080/admin/menu/edit?menuid=60
[2020-04-19 00:49:05] | ::1 | http://localhost:8080/admin/menu/save
[2020-04-19 00:49:08] | ::1 | http://localhost:8080/admin/menu
[2020-04-19 00:49:10] | ::1 | http://localhost:8080/admin/menu/edit?menuid=60
[2020-04-19 00:50:12] | ::1 | http://localhost:8080/admin/menu
[2020-04-19 00:50:15] | ::1 | http://localhost:8080/admin/menu/edit?menuid=60
[2020-04-19 00:50:18] | ::1 | http://localhost:8080/admin/menu/save
[2020-04-19 00:50:18] | ::1 | http://localhost:8080/admin/menu
[2020-04-19 00:50:22] | ::1 | http://localhost:8080/admin/menu/edit?menuid=60
[2020-04-19 00:50:24] | ::1 | http://localhost:8080/admin/menu/save
[2020-04-19 00:50:25] | ::1 | http://localhost:8080/admin/menu
[2020-04-19 00:50:34] | ::1 | http://localhost:8080/admin/menu/edit?menuid=60
[2020-04-19 00:50:37] | ::1 | http://localhost:8080/admin/menu/save
[2020-04-19 00:50:38] | ::1 | http://localhost:8080/admin/menu
[2020-04-19 00:50:45] | ::1 | http://localhost:8080/admin/menu/edit?menuid=60
[2020-04-19 00:51:07] | ::1 | http://localhost:8080/admin/menu
[2020-04-19 00:51:10] | ::1 | http://localhost:8080/admin/menu/edit?menuid=97
[2020-04-19 00:51:17] | ::1 | http://localhost:8080/admin/menu/save
[2020-04-19 00:51:17] | ::1 | http://localhost:8080/admin/menu
[2020-04-19 00:51:22] | ::1 | http://localhost:8080/admin/menu/edit?menuid=98
[2020-04-19 00:51:28] | ::1 | http://localhost:8080/admin/menu/save
[2020-04-19 00:51:28] | ::1 | http://localhost:8080/admin/menu
[2020-04-19 00:51:34] | ::1 | http://localhost:8080/admin/menu/edit?menuid=98
[2020-04-19 00:51:37] | ::1 | http://localhost:8080/admin/menu
[2020-04-19 00:51:58] | ::1 | http://localhost:8080/admin/menu/edit?menuid=60
[2020-04-19 00:52:03] | ::1 | http://localhost:8080/admin/menu/save
[2020-04-19 00:52:04] | ::1 | http://localhost:8080/admin/menu
[2020-04-19 00:52:07] | ::1 | http://localhost:8080/admin/menu/edit?menuid=98
[2020-04-19 00:52:11] | ::1 | http://localhost:8080/admin/menu/save
[2020-04-19 00:52:11] | ::1 | http://localhost:8080/admin/menu
[2020-04-19 00:52:14] | ::1 | http://localhost:8080/admin/menu/edit?menuid=97
[2020-04-19 00:52:18] | ::1 | http://localhost:8080/admin/menu/save
[2020-04-19 00:52:19] | ::1 | http://localhost:8080/admin/menu
[2020-04-19 00:52:24] | ::1 | http://localhost:8080/admin/menu/edit?menuid=60
[2020-04-19 00:52:28] | ::1 | http://localhost:8080/admin/menu
[2020-04-19 00:53:53] | ::1 | http://localhost:8080/admin/
[2020-04-19 00:53:53] | ::1 | http://localhost:8080/admin/menu/page
[2020-04-19 00:53:55] | ::1 | http://localhost:8080/admin/
[2020-04-19 00:53:55] | ::1 | http://localhost:8080/admin/menu/page
[2020-04-19 00:53:58] | ::1 | http://localhost:8080/admin/menu
[2020-04-19 00:59:35] | ::1 | http://localhost:8080/admin/role
[2020-04-19 01:00:37] | ::1 | http://localhost:8080/admin/role
[2020-04-19 01:02:00] | ::1 | http://localhost:8080/admin/role
[2020-04-19 01:02:48] | ::1 | http://localhost:8080/admin/account
[2020-04-19 01:02:50] | ::1 | http://localhost:8080/admin/role
[2020-04-19 01:04:22] | ::1 | http://localhost:8080/admin/role
[2020-04-19 01:06:13] | ::1 | http://localhost:8080/admin/role
[2020-04-19 01:08:18] | ::1 | http://localhost:8080/admin/
[2020-04-19 01:08:18] | ::1 | http://localhost:8080/admin/menu/page
[2020-04-19 01:08:24] | ::1 | http://localhost:8080/admin/role
[2020-04-19 01:14:37] | ::1 | http://localhost:8080/admin/role
[2020-04-19 01:17:14] | ::1 | http://localhost:8080/admin/account
[2020-04-19 01:18:37] | ::1 | http://localhost:8080/admin/role
[2020-04-19 09:13:57] | ::1 | http://localhost:8080/admin/role
[2020-04-19 09:14:53] | ::1 | http://localhost:8080/admin/menu
[2020-04-19 09:14:56] | ::1 | http://localhost:8080/admin/role
[2020-04-19 09:17:46] | ::1 | http://localhost:8080/admin/menu
[2020-04-19 09:17:49] | ::1 | http://localhost:8080/admin/menu/edit?menuid=85
[2020-04-19 09:19:14] | ::1 | http://localhost:8080/admin/menu
[2020-04-19 09:19:15] | ::1 | http://localhost:8080/admin/menu/edit?menuid=94
[2020-04-19 09:24:52] | ::1 | http://localhost:8080/admin/menu
[2020-04-19 09:24:54] | ::1 | http://localhost:8080/admin/menu/edit?menuid=95
[2020-04-19 09:25:01] | ::1 | http://localhost:8080/admin/menu
[2020-04-19 09:25:05] | ::1 | http://localhost:8080/admin/menu/edit?menuid=98
[2020-04-19 09:28:00] | ::1 | http://localhost:8080/admin/menu
[2020-04-19 09:28:02] | ::1 | http://localhost:8080/admin/menu/edit?menuid=97
[2020-04-19 09:28:41] | ::1 | http://localhost:8080/admin/role
[2020-04-19 20:15:54] | ::1 | http://localhost:8080/admin/role
[2020-04-19 20:15:54] | ::1 | http://localhost:8080/admin/role/getList?order=asc&limit=10&offset=0
[2020-04-19 20:21:30] | ::1 | http://localhost:8080/admin/role
[2020-04-19 20:21:31] | ::1 | http://localhost:8080/admin/role/getList?order=asc&limit=10&offset=0
[2020-04-19 20:21:37] | ::1 | http://localhost:8080/admin/
[2020-04-19 20:21:37] | ::1 | http://localhost:8080/admin/menu/page
[2020-04-19 20:21:43] | ::1 | http://localhost:8080/admin/role
[2020-04-19 20:21:44] | ::1 | http://localhost:8080/admin/role/getList?order=asc&limit=10&offset=0
[2020-04-19 20:22:12] | ::1 | http://localhost:8080/admin/role
[2020-04-19 20:22:13] | ::1 | http://localhost:8080/admin/role/getList?order=asc&limit=10&offset=0
[2020-04-19 20:22:24] | ::1 | http://localhost:8080/admin/role
[2020-04-19 20:22:24] | ::1 | http://localhost:8080/admin/role/getList?order=asc&limit=10&offset=0
[2020-04-19 20:22:37] | ::1 | http://localhost:8080/admin/role
[2020-04-19 20:22:38] | ::1 | http://localhost:8080/admin/role/getList?order=asc&limit=10&offset=0
[2020-04-19 20:24:17] | ::1 | http://localhost:8080/admin/role
[2020-04-19 20:24:18] | ::1 | http://localhost:8080/admin/role/getList?order=asc&limit=10&offset=0
[2020-04-19 20:29:48] | ::1 | http://localhost:8080/admin/role
[2020-04-19 20:29:49] | ::1 | http://localhost:8080/admin/role/getList?order=asc&limit=10&offset=0
[2020-04-19 20:30:31] | ::1 | http://localhost:8080/admin/role
[2020-04-19 20:30:32] | ::1 | http://localhost:8080/admin/role/getList?order=asc&limit=10&offset=0
[2020-04-19 23:02:58] | ::1 | http://localhost:8080/admin/role
[2020-04-19 23:02:58] | ::1 | http://localhost:8080/admin/role/getList?order=asc&limit=10&offset=0
[2020-04-19 23:04:16] | ::1 | http://localhost:8080/admin/role
[2020-04-19 23:04:17] | ::1 | http://localhost:8080/admin/role/getList?order=asc&limit=10&offset=0
[2020-04-19 23:05:32] | ::1 | http://localhost:8080/admin/role
[2020-04-19 23:05:32] | ::1 | http://localhost:8080/admin/role/getList?order=asc&limit=10&offset=0
[2020-04-19 23:08:57] | ::1 | http://localhost:8080/admin/role
[2020-04-19 23:08:57] | ::1 | http://localhost:8080/admin/role/getList?order=asc&limit=10&offset=0
[2020-04-19 23:09:49] | ::1 | http://localhost:8080/admin/
[2020-04-19 23:09:49] | ::1 | http://localhost:8080/admin/menu/page
[2020-04-19 23:09:52] | ::1 | http://localhost:8080/admin/role
[2020-04-19 23:09:52] | ::1 | http://localhost:8080/admin/role/getList?order=asc&limit=10&offset=0
[2020-04-19 23:13:55] | ::1 | http://localhost:8080/admin/role
[2020-04-19 23:13:56] | ::1 | http://localhost:8080/admin/role/getList?order=asc&limit=10&offset=0
