[2020-04-15 00:10:35] | ::1 | http://localhost:8080/admin/menu
[2020-04-15 00:11:23] | ::1 | http://localhost:8080/admin/menu
[2020-04-15 00:11:58] | ::1 | http://localhost:8080/admin/menu
[2020-04-15 00:12:48] | ::1 | http://localhost:8080/admin/menu
[2020-04-15 00:12:51] | ::1 | http://localhost:8080/admin/menu
[2020-04-15 00:13:31] | ::1 | http://localhost:8080/admin/menu
[2020-04-15 00:13:45] | ::1 | http://localhost:8080/admin/menu
[2020-04-15 00:13:46] | ::1 | http://localhost:8080/admin/menu
[2020-04-15 00:14:03] | ::1 | http://localhost:8080/admin/menu
[2020-04-15 00:16:19] | ::1 | http://localhost:8080/admin/menu
[2020-04-15 00:16:25] | ::1 | http://localhost:8080/admin/menu
[2020-04-15 00:17:50] | ::1 | http://localhost:8080/admin/menu
[2020-04-15 00:18:12] | ::1 | http://localhost:8080/admin/menu
[2020-04-15 00:18:18] | ::1 | http://localhost:8080/admin/role
[2020-04-15 00:18:21] | ::1 | http://localhost:8080/admin/menu
[2020-04-15 00:18:55] | ::1 | http://localhost:8080/admin/menu
[2020-04-15 00:22:42] | ::1 | http://localhost:8080/admin/menu
[2020-04-15 00:23:30] | ::1 | http://localhost:8080/admin/menu
[2020-04-15 00:24:16] | ::1 | http://localhost:8080/admin/menu
[2020-04-15 00:24:32] | ::1 | http://localhost:8080/admin/menu/add
[2020-04-15 00:24:55] | ::1 | http://localhost:8080/admin/menu/add
[2020-04-15 00:25:57] | ::1 | http://localhost:8080/admin/menu/add
[2020-04-15 00:27:02] | ::1 | http://localhost:8080/admin/menu/add
[2020-04-15 00:28:20] | ::1 | http://localhost:8080/admin/menu/add
[2020-04-15 00:28:38] | ::1 | http://localhost:8080/admin/menu/add
[2020-04-15 00:28:45] | ::1 | http://localhost:8080/admin/menu
[2020-04-15 00:29:34] | ::1 | http://localhost:8080/admin/menu
[2020-04-15 00:29:37] | ::1 | http://localhost:8080/admin/menu
[2020-04-15 00:52:53] | ::1 | http://localhost:8080/admin/menu/add
[2020-04-15 00:53:28] | ::1 | http://localhost:8080/admin/menu
[2020-04-15 09:23:50] | ::1 | http://localhost:8080/admin
[2020-04-15 09:24:01] | ::1 | http://localhost:8080/admin/menu
[2020-04-15 09:24:06] | ::1 | http://localhost:8080/admin
[2020-04-15 09:24:14] | ::1 | http://localhost:8080/admin/menu
[2020-04-15 09:29:44] | ::1 | http://localhost:8080/admin/menu
[2020-04-15 09:30:17] | ::1 | http://localhost:8080/admin/role
[2020-04-15 09:30:26] | ::1 | http://localhost:8080/admin/menu
[2020-04-15 09:31:51] | ::1 | http://localhost:8080/admin/role
[2020-04-15 09:31:53] | ::1 | http://localhost:8080/admin/menu
[2020-04-15 09:58:01] | ::1 | http://localhost:8080/admin/menu
[2020-04-15 09:58:43] | ::1 | http://localhost:8080/admin/menu
[2020-04-15 09:59:02] | ::1 | http://localhost:8080/admin/menu
[2020-04-15 09:59:15] | ::1 | http://localhost:8080/admin/menu
[2020-04-15 10:00:39] | ::1 | http://localhost:8080/admin/menu
[2020-04-15 10:02:02] | ::1 | http://localhost:8080/admin/menu
[2020-04-15 10:02:03] | ::1 | http://localhost:8080/admin/menu
[2020-04-15 10:07:11] | ::1 | http://localhost:8080/admin/menu
[2020-04-15 10:07:12] | ::1 | http://localhost:8080/admin/menu/page
[2020-04-15 10:07:37] | ::1 | http://localhost:8080/admin/menu
[2020-04-15 10:07:38] | ::1 | http://localhost:8080/admin/menu/page
[2020-04-15 10:11:30] | ::1 | http://localhost:8080/admin/menu
[2020-04-15 10:11:31] | ::1 | http://localhost:8080/admin/menu/page
[2020-04-15 11:19:38] | ::1 | http://localhost:8080/admin/menu
[2020-04-15 11:19:40] | ::1 | http://localhost:8080/admin/menu/page
[2020-04-15 11:32:41] | ::1 | http://localhost:8080/admin/menu
[2020-04-15 11:32:42] | ::1 | http://localhost:8080/admin/menu/page
[2020-04-15 11:33:18] | ::1 | http://localhost:8080/admin/menu
[2020-04-15 11:33:19] | ::1 | http://localhost:8080/admin/menu/page
[2020-04-15 11:59:14] | ::1 | http://localhost:8080/admin/menu
[2020-04-15 11:59:16] | ::1 | http://localhost:8080/admin/menu/page
[2020-04-15 12:00:55] | ::1 | http://localhost:8080/admin/menu
[2020-04-15 12:00:56] | ::1 | http://localhost:8080/admin/menu/page
[2020-04-15 12:02:05] | ::1 | http://localhost:8080/admin/menu
[2020-04-15 12:02:05] | ::1 | http://localhost:8080/admin/menu/page
[2020-04-15 12:02:57] | ::1 | http://localhost:8080/admin/menu
[2020-04-15 12:02:57] | ::1 | http://localhost:8080/admin/menu/page
[2020-04-15 12:06:49] | ::1 | http://localhost:8080/admin/menu
[2020-04-15 12:06:49] | ::1 | http://localhost:8080/admin/menu/page
[2020-04-15 12:07:34] | ::1 | http://localhost:8080/admin/menu
[2020-04-15 12:07:34] | ::1 | http://localhost:8080/admin/menu/page
[2020-04-15 12:07:45] | ::1 | http://localhost:8080/admin/menu
[2020-04-15 12:07:45] | ::1 | http://localhost:8080/admin/menu/page
[2020-04-15 12:08:03] | ::1 | http://localhost:8080/admin/menu
[2020-04-15 12:08:04] | ::1 | http://localhost:8080/admin/menu/page
[2020-04-15 12:09:53] | ::1 | http://localhost:8080/admin/menu
[2020-04-15 12:09:54] | ::1 | http://localhost:8080/admin/menu/page
[2020-04-15 12:09:58] | ::1 | http://localhost:8080/admin/menu
[2020-04-15 12:09:59] | ::1 | http://localhost:8080/admin/menu/page
[2020-04-15 12:10:25] | ::1 | http://localhost:8080/admin/menu
[2020-04-15 12:10:26] | ::1 | http://localhost:8080/admin/menu/page
[2020-04-15 12:11:20] | ::1 | http://localhost:8080/admin/menu
[2020-04-15 12:11:21] | ::1 | http://localhost:8080/admin/menu/page
[2020-04-15 12:12:04] | ::1 | http://localhost:8080/admin/menu
[2020-04-15 12:12:05] | ::1 | http://localhost:8080/admin/menu/page
[2020-04-15 12:12:44] | ::1 | http://localhost:8080/admin/menu
[2020-04-15 12:12:45] | ::1 | http://localhost:8080/admin/menu/page
[2020-04-15 12:12:57] | ::1 | http://localhost:8080/admin/menu
[2020-04-15 12:12:57] | ::1 | http://localhost:8080/admin/menu/page
[2020-04-15 12:13:05] | ::1 | http://localhost:8080/admin/menu
[2020-04-15 12:13:05] | ::1 | http://localhost:8080/admin/menu/page
[2020-04-15 12:13:43] | ::1 | http://localhost:8080/admin/menu
[2020-04-15 12:13:44] | ::1 | http://localhost:8080/admin/menu/page
[2020-04-15 12:13:46] | ::1 | http://localhost:8080/admin/role
[2020-04-15 12:13:48] | ::1 | http://localhost:8080/admin/menu
[2020-04-15 12:13:49] | ::1 | http://localhost:8080/admin/menu/page
[2020-04-15 12:13:51] | ::1 | http://localhost:8080/admin/menu
[2020-04-15 12:13:51] | ::1 | http://localhost:8080/admin/menu/page
[2020-04-15 12:14:11] | ::1 | http://localhost:8080/admin/menu
[2020-04-15 12:14:12] | ::1 | http://localhost:8080/admin/menu/page
[2020-04-15 12:14:25] | ::1 | http://localhost:8080/admin/menu
[2020-04-15 12:14:25] | ::1 | http://localhost:8080/admin/menu/page
[2020-04-15 12:15:41] | ::1 | http://localhost:8080/admin/menu
[2020-04-15 12:15:41] | ::1 | http://localhost:8080/admin/menu/page
[2020-04-15 12:15:57] | ::1 | http://localhost:8080/admin/menu
[2020-04-15 12:15:58] | ::1 | http://localhost:8080/admin/menu/page
[2020-04-15 12:16:12] | ::1 | http://localhost:8080/admin/menu
[2020-04-15 12:16:13] | ::1 | http://localhost:8080/admin/menu/page
[2020-04-15 12:16:53] | ::1 | http://localhost:8080/admin/menu
[2020-04-15 12:16:54] | ::1 | http://localhost:8080/admin/menu/page
[2020-04-15 12:17:04] | ::1 | http://localhost:8080/admin/menu
[2020-04-15 12:17:05] | ::1 | http://localhost:8080/admin/menu/page
[2020-04-15 12:17:45] | ::1 | http://localhost:8080/admin/menu
[2020-04-15 12:17:46] | ::1 | http://localhost:8080/admin/menu/page
[2020-04-15 12:18:57] | ::1 | http://localhost:8080/admin/menu
[2020-04-15 12:18:58] | ::1 | http://localhost:8080/admin/menu/page
[2020-04-15 12:19:19] | ::1 | http://localhost:8080/admin/menu
[2020-04-15 12:19:20] | ::1 | http://localhost:8080/admin/menu/page
[2020-04-15 12:20:58] | ::1 | http://localhost:8080/admin/menu
[2020-04-15 12:20:58] | ::1 | http://localhost:8080/admin/menu/page
[2020-04-15 12:21:43] | ::1 | http://localhost:8080/admin/menu
[2020-04-15 12:21:43] | ::1 | http://localhost:8080/admin/menu/page
[2020-04-15 12:22:45] | ::1 | http://localhost:8080/admin/menu
[2020-04-15 12:22:45] | ::1 | http://localhost:8080/admin/menu/page
[2020-04-15 12:23:03] | ::1 | http://localhost:8080/admin/menu
[2020-04-15 12:23:04] | ::1 | http://localhost:8080/admin/menu/page
[2020-04-15 12:23:15] | ::1 | http://localhost:8080/admin/menu
[2020-04-15 12:23:16] | ::1 | http://localhost:8080/admin/menu/page
[2020-04-15 12:41:16] | ::1 | http://localhost:8080/admin/menu
[2020-04-15 12:41:16] | ::1 | http://localhost:8080/admin/menu/page
[2020-04-15 12:42:26] | ::1 | http://localhost:8080/admin/menu
[2020-04-15 12:42:27] | ::1 | http://localhost:8080/admin/menu/page
[2020-04-15 12:42:49] | ::1 | http://localhost:8080/admin/menu
[2020-04-15 12:42:49] | ::1 | http://localhost:8080/admin/menu/page
[2020-04-15 12:51:31] | ::1 | http://localhost:8080/admin/menu
[2020-04-15 12:51:32] | ::1 | http://localhost:8080/admin/menu/page
[2020-04-15 12:51:35] | ::1 | http://localhost:8080/admin/menu
[2020-04-15 12:51:36] | ::1 | http://localhost:8080/admin/menu/page
[2020-04-15 12:51:38] | ::1 | http://localhost:8080/admin/role
[2020-04-15 12:51:40] | ::1 | http://localhost:8080/admin/menu
[2020-04-15 12:51:40] | ::1 | http://localhost:8080/admin/menu/page
[2020-04-15 12:52:04] | ::1 | http://localhost:8080/admin/menu
[2020-04-15 12:52:05] | ::1 | http://localhost:8080/admin/menu/page
[2020-04-15 12:52:44] | ::1 | http://localhost:8080/admin/menu
[2020-04-15 12:52:45] | ::1 | http://localhost:8080/admin/menu/page
[2020-04-15 12:52:49] | ::1 | http://localhost:8080/admin/menu
[2020-04-15 12:52:49] | ::1 | http://localhost:8080/admin/menu/page
[2020-04-15 12:55:10] | ::1 | http://localhost:8080/admin/menu
[2020-04-15 12:55:11] | ::1 | http://localhost:8080/admin/menu/page
[2020-04-15 12:55:49] | ::1 | http://localhost:8080/admin/menu
[2020-04-15 12:55:49] | ::1 | http://localhost:8080/admin/menu/page
[2020-04-15 12:57:07] | ::1 | http://localhost:8080/admin/menu
[2020-04-15 12:57:07] | ::1 | http://localhost:8080/admin/menu/page
[2020-04-15 12:57:26] | ::1 | http://localhost:8080/admin/menu
[2020-04-15 12:57:26] | ::1 | http://localhost:8080/admin/menu/page
[2020-04-15 12:58:37] | ::1 | http://localhost:8080/admin/menu
[2020-04-15 12:58:38] | ::1 | http://localhost:8080/admin/menu/page
[2020-04-15 12:58:53] | ::1 | http://localhost:8080/admin/menu
[2020-04-15 12:58:54] | ::1 | http://localhost:8080/admin/menu/page
[2020-04-15 12:59:03] | ::1 | http://localhost:8080/admin/menu
[2020-04-15 12:59:03] | ::1 | http://localhost:8080/admin/menu/page
[2020-04-15 13:00:29] | ::1 | http://localhost:8080/admin/menu
[2020-04-15 13:00:30] | ::1 | http://localhost:8080/admin/menu/page
[2020-04-15 13:00:43] | ::1 | http://localhost:8080/admin/menu
[2020-04-15 13:00:43] | ::1 | http://localhost:8080/admin/menu/page
[2020-04-15 13:02:14] | ::1 | http://localhost:8080/admin/menu
[2020-04-15 13:02:14] | ::1 | http://localhost:8080/admin/menu/page
[2020-04-15 13:03:16] | ::1 | http://localhost:8080/admin/menu
[2020-04-15 13:03:17] | ::1 | http://localhost:8080/admin/menu/page
[2020-04-15 13:03:52] | ::1 | http://localhost:8080/admin/menu
[2020-04-15 13:03:53] | ::1 | http://localhost:8080/admin/menu/page
[2020-04-15 13:04:20] | ::1 | http://localhost:8080/admin/menu
[2020-04-15 13:04:21] | ::1 | http://localhost:8080/admin/menu/page
[2020-04-15 13:08:11] | ::1 | http://localhost:8080/admin
[2020-04-15 13:08:38] | ::1 | http://localhost:8080/admin
[2020-04-15 13:08:38] | ::1 | http://localhost:8080/admin/menu/page
[2020-04-15 13:09:21] | ::1 | http://localhost:8080/admin
[2020-04-15 13:09:21] | ::1 | http://localhost:8080/admin/menu/page
[2020-04-15 13:09:51] | ::1 | http://localhost:8080/admin
[2020-04-15 13:09:51] | ::1 | http://localhost:8080/admin/menu/page
[2020-04-15 13:12:33] | ::1 | http://localhost:8080/admin
[2020-04-15 13:12:34] | ::1 | http://localhost:8080/admin/menu/page
[2020-04-15 13:13:07] | ::1 | http://localhost:8080/admin
[2020-04-15 13:13:07] | ::1 | http://localhost:8080/admin/menu/page
[2020-04-15 13:13:12] | ::1 | http://localhost:8080/admin/menu
[2020-04-15 13:13:13] | ::1 | http://localhost:8080/admin/menu/page
[2020-04-15 13:13:23] | ::1 | http://localhost:8080/admin
[2020-04-15 13:13:23] | ::1 | http://localhost:8080/admin/menu/page
[2020-04-15 13:17:18] | ::1 | http://localhost:8080/admin/menu
[2020-04-15 13:18:10] | ::1 | http://localhost:8080/admin
[2020-04-15 13:18:11] | ::1 | http://localhost:8080/admin/menu/page
[2020-04-15 13:18:39] | ::1 | http://localhost:8080/admin/menu
[2020-04-15 13:20:18] | ::1 | http://localhost:8080/admin
[2020-04-15 13:20:19] | ::1 | http://localhost:8080/admin/menu/page
[2020-04-15 13:20:24] | ::1 | http://localhost:8080/admin/menu
[2020-04-15 13:23:43] | ::1 | http://localhost:8080/admin
[2020-04-15 13:23:44] | ::1 | http://localhost:8080/admin/menu/page
[2020-04-15 13:23:49] | ::1 | http://localhost:8080/admin/menu
[2020-04-15 13:25:21] | ::1 | http://localhost:8080/admin
[2020-04-15 13:25:22] | ::1 | http://localhost:8080/admin/menu/page
[2020-04-15 13:25:26] | ::1 | http://localhost:8080/admin/menu
[2020-04-15 13:27:54] | ::1 | http://localhost:8080/admin
[2020-04-15 13:27:55] | ::1 | http://localhost:8080/admin/menu/page
[2020-04-15 13:27:59] | ::1 | http://localhost:8080/admin/menu
[2020-04-15 13:29:45] | ::1 | http://localhost:8080/admin
[2020-04-15 13:29:46] | ::1 | http://localhost:8080/admin/menu/page
[2020-04-15 13:29:49] | ::1 | http://localhost:8080/admin/menu
[2020-04-15 13:30:16] | ::1 | http://localhost:8080/admin/menu
[2020-04-15 13:31:06] | ::1 | http://localhost:8080/admin/menu
[2020-04-15 13:31:16] | ::1 | http://localhost:8080/admin/menu
[2020-04-15 13:33:25] | ::1 | http://localhost:8080/admin
[2020-04-15 13:33:26] | ::1 | http://localhost:8080/admin/menu/page
[2020-04-15 13:33:28] | ::1 | http://localhost:8080/admin/menu
[2020-04-15 13:34:12] | ::1 | http://localhost:8080/admin
[2020-04-15 13:34:12] | ::1 | http://localhost:8080/admin/menu/page
[2020-04-15 13:34:17] | ::1 | http://localhost:8080/admin/menu
[2020-04-15 13:35:19] | ::1 | http://localhost:8080/admin/menu/add
[2020-04-15 13:37:51] | ::1 | http://localhost:8080/admin
[2020-04-15 13:37:52] | ::1 | http://localhost:8080/admin/menu/page
[2020-04-15 13:37:54] | ::1 | http://localhost:8080/admin/menu
[2020-04-15 13:37:57] | ::1 | http://localhost:8080/admin/menu/add
[2020-04-15 13:42:57] | ::1 | http://localhost:8080/admin/menu
[2020-04-15 13:43:00] | ::1 | http://localhost:8080/admin/menu/add
[2020-04-15 14:08:45] | ::1 | http://localhost:8080/admin
[2020-04-15 14:08:46] | ::1 | http://localhost:8080/admin/menu/page
[2020-04-15 14:08:51] | ::1 | http://localhost:8080/admin/menu
[2020-04-15 14:09:05] | ::1 | http://localhost:8080/admin
[2020-04-15 14:09:05] | ::1 | http://localhost:8080/admin/menu/page
[2020-04-15 14:09:11] | ::1 | http://localhost:8080/admin
[2020-04-15 14:09:11] | ::1 | http://localhost:8080/admin/menu/page
[2020-04-15 14:09:16] | ::1 | http://localhost:8080/admin/menu
[2020-04-15 14:09:23] | ::1 | http://localhost:8080/admin/menu/add
[2020-04-15 17:57:40] | ::1 | http://localhost:8080/admin
[2020-04-15 17:57:41] | ::1 | http://localhost:8080/admin/menu/page
[2020-04-15 17:57:48] | ::1 | http://localhost:8080/admin
[2020-04-15 17:57:48] | ::1 | http://localhost:8080/admin/menu/page
[2020-04-15 17:57:50] | ::1 | http://localhost:8080/admin/menu
[2020-04-15 18:01:25] | ::1 | http://localhost:8080/admin/menu/add
[2020-04-15 18:01:52] | ::1 | http://localhost:8080/admin/menu
[2020-04-15 18:01:54] | ::1 | http://localhost:8080/admin/menu/add
[2020-04-15 18:02:55] | ::1 | http://localhost:8080/admin
[2020-04-15 18:02:55] | ::1 | http://localhost:8080/admin/menu/page
[2020-04-15 18:03:00] | ::1 | http://localhost:8080/admin/menu
[2020-04-15 18:03:02] | ::1 | http://localhost:8080/admin/menu/add
[2020-04-15 18:03:41] | ::1 | http://localhost:8080/admin/menu/save
[2020-04-15 18:03:41] | ::1 | http://localhost:8080/admin/menu
[2020-04-15 18:03:48] | ::1 | http://localhost:8080/admin/menu/add
[2020-04-15 18:04:01] | ::1 | http://localhost:8080/admin/menu/save
[2020-04-15 18:04:01] | ::1 | http://localhost:8080/admin/menu
[2020-04-15 18:06:16] | ::1 | http://localhost:8080/admin/menu
[2020-04-15 18:11:35] | ::1 | http://localhost:8080/admin/menu/add
[2020-04-15 18:11:41] | ::1 | http://localhost:8080/admin/menu
[2020-04-15 18:13:11] | ::1 | http://localhost:8080/admin/menu
[2020-04-15 18:13:23] | ::1 | http://localhost:8080/admin/menu/edit?menuid=78
[2020-04-15 18:15:44] | ::1 | http://localhost:8080/admin/menu
[2020-04-15 18:15:55] | ::1 | http://localhost:8080/admin
[2020-04-15 18:15:55] | ::1 | http://localhost:8080/admin/menu/page
[2020-04-15 18:17:34] | ::1 | http://localhost:8080/admin
[2020-04-15 18:17:35] | ::1 | http://localhost:8080/admin/menu/page
[2020-04-15 18:17:42] | ::1 | http://localhost:8080/admin/menu
[2020-04-15 18:18:02] | ::1 | http://localhost:8080/admin/menu/edit?menuid=78
[2020-04-15 18:18:17] | ::1 | http://localhost:8080/admin/menu
[2020-04-15 18:19:23] | ::1 | http://localhost:8080/admin
[2020-04-15 18:19:24] | ::1 | http://localhost:8080/admin/menu/page
[2020-04-15 18:19:26] | ::1 | http://localhost:8080/admin/menu
[2020-04-15 18:20:39] | ::1 | http://localhost:8080/admin
[2020-04-15 18:20:40] | ::1 | http://localhost:8080/admin/menu/page
[2020-04-15 18:20:45] | ::1 | http://localhost:8080/admin/menu
[2020-04-15 18:21:20] | ::1 | http://localhost:8080/admin/menu/edit?menuid=92
[2020-04-15 22:39:27] | ::1 | http://localhost:8080/admin
[2020-04-15 22:39:30] | ::1 | http://localhost:8080/admin/menu/page
[2020-04-15 22:39:36] | ::1 | http://localhost:8080/admin/menu
[2020-04-15 22:41:41] | ::1 | http://localhost:8080/admin
[2020-04-15 22:41:41] | ::1 | http://localhost:8080/admin/menu/page
[2020-04-15 22:41:52] | ::1 | http://localhost:8080/admin/menu
[2020-04-15 22:49:28] | ::1 | http://localhost:8080/admin/menu
[2020-04-15 22:49:39] | ::1 | http://localhost:8080/admin/menu
[2020-04-15 22:49:39] | ::1 | http://localhost:8080/admin/menu
[2020-04-15 22:49:44] | ::1 | http://localhost:8080/admin/menu/edit?menuid=97
[2020-04-15 22:49:54] | ::1 | http://localhost:8080/admin/menu
[2020-04-15 22:50:15] | ::1 | http://localhost:8080/admin/menu
[2020-04-15 23:03:21] | ::1 | http://localhost:8080/admin/menu/edit?menuid=78
[2020-04-15 23:03:52] | ::1 | http://localhost:8080/admin
[2020-04-15 23:03:52] | ::1 | http://localhost:8080/admin/menu/page
[2020-04-15 23:03:56] | ::1 | http://localhost:8080/admin/menu
[2020-04-15 23:03:59] | ::1 | http://localhost:8080/admin/menu/edit?menuid=78
[2020-04-15 23:06:04] | ::1 | http://localhost:8080/admin/menu
[2020-04-15 23:06:13] | ::1 | http://localhost:8080/admin/menu/edit?menuid=78
[2020-04-15 23:06:17] | ::1 | http://localhost:8080/admin/menu
[2020-04-15 23:10:16] | ::1 | http://localhost:8080/admin
[2020-04-15 23:10:16] | ::1 | http://localhost:8080/admin/menu/page
[2020-04-15 23:10:24] | ::1 | http://localhost:8080/admin/menu
[2020-04-15 23:11:57] | ::1 | http://localhost:8080/admin
[2020-04-15 23:11:57] | ::1 | http://localhost:8080/admin/menu/page
[2020-04-15 23:12:01] | ::1 | http://localhost:8080/admin/menu
[2020-04-15 23:13:05] | ::1 | http://localhost:8080/admin/menu
[2020-04-15 23:14:06] | ::1 | http://localhost:8080/admin
[2020-04-15 23:14:07] | ::1 | http://localhost:8080/admin/menu/page
[2020-04-15 23:14:09] | ::1 | http://localhost:8080/admin/menu
[2020-04-15 23:15:52] | ::1 | http://localhost:8080/admin
[2020-04-15 23:15:52] | ::1 | http://localhost:8080/admin/menu/page
[2020-04-15 23:15:57] | ::1 | http://localhost:8080/admin/menu
[2020-04-15 23:16:07] | ::1 | http://localhost:8080/admin
[2020-04-15 23:16:15] | ::1 | http://localhost:8080/admin/menu
[2020-04-15 23:17:53] | ::1 | http://localhost:8080/admin/menu
