[2020-04-13 13:25:17] | ::1 | http://localhost:8088/
[2020-04-13 13:25:48] | ::1 | http://localhost:8088/
[2020-04-13 13:25:55] | ::1 | http://localhost:8088/admin
[2020-04-13 13:26:02] | ::1 | http://localhost:8088/admin/api/user
[2020-04-13 13:26:17] | ::1 | http://localhost:8088/admin/api/user
[2020-04-13 13:26:28] | ::1 | http://localhost:8088/admin/api
[2020-04-13 13:26:36] | ::1 | http://localhost:8088/admin
[2020-04-13 13:26:56] | ::1 | http://localhost:8088/admin
[2020-04-13 13:27:03] | ::1 | http://localhost:8088/admin/api/user
[2020-04-13 13:39:18] | ::1 | http://localhost:8088/
[2020-04-13 13:49:31] | ::1 | http://localhost:8088/admin
[2020-04-13 13:49:55] | ::1 | http://localhost:8088/admin
[2020-04-13 13:50:54] | ::1 | http://localhost:8088/admin
[2020-04-13 13:51:21] | ::1 | http://localhost:8088/admin
[2020-04-13 13:53:29] | ::1 | http://localhost:8088/admin
[2020-04-13 13:53:33] | ::1 | http://localhost:8088/admin
[2020-04-13 14:03:35] | ::1 | http://localhost:8088/admin
[2020-04-13 14:04:03] | ::1 | http://localhost:8088/admin
[2020-04-13 14:05:09] | ::1 | http://localhost:8088/admin
[2020-04-13 14:05:11] | ::1 | http://localhost:8088/admin
[2020-04-13 14:05:26] | ::1 | http://localhost:8088/admin
[2020-04-13 14:05:47] | ::1 | http://localhost:8088/admin
[2020-04-13 14:06:49] | ::1 | http://localhost:8088/admin
[2020-04-13 14:07:22] | ::1 | http://localhost:8088/admin
[2020-04-13 14:07:25] | ::1 | http://localhost:8088/admin
[2020-04-13 14:07:45] | ::1 | http://localhost:8088/admin
[2020-04-13 14:08:15] | ::1 | http://localhost:8088/admin
[2020-04-13 14:08:18] | ::1 | http://localhost:8088/admin
[2020-04-13 14:08:22] | ::1 | http://localhost:8088/admin
[2020-04-13 14:09:11] | ::1 | http://localhost:8088/admin
[2020-04-13 14:09:13] | ::1 | http://localhost:8088/admin
[2020-04-13 14:11:43] | ::1 | http://localhost:8088/admin
[2020-04-13 14:17:35] | ::1 | http://localhost:8088/menu
[2020-04-13 14:18:33] | ::1 | http://localhost:8088/menu
[2020-04-13 14:18:41] | ::1 | http://localhost:8088/admin/menu
[2020-04-13 14:18:50] | ::1 | http://localhost:8088/admin/menu
[2020-04-13 14:19:38] | ::1 | http://localhost:8088/admin/menu
[2020-04-13 14:19:40] | ::1 | http://localhost:8088/admin/menu
[2020-04-13 14:20:27] | ::1 | http://localhost:8088/admin/menu
[2020-04-13 14:20:31] | ::1 | http://localhost:8088/admin/menu
[2020-04-13 14:22:11] | ::1 | http://localhost:8088/admin/menu
[2020-04-13 14:22:54] | ::1 | http://localhost:8088/admin/menu
[2020-04-13 14:53:04] | ::1 | http://localhost:8088/admin/menu
[2020-04-13 14:53:13] | ::1 | http://localhost:8088/admin/menu
[2020-04-13 14:53:40] | ::1 | http://localhost:8088/admin/menu
[2020-04-13 14:53:50] | ::1 | http://localhost:8088/admin/menu
[2020-04-13 14:56:10] | ::1 | http://localhost:8088/admin/menu
[2020-04-13 14:56:17] | ::1 | http://localhost:8088/admin/menu
[2020-04-13 14:56:41] | ::1 | http://localhost:8088/admin/menu
[2020-04-13 14:58:26] | ::1 | http://localhost:8088/admin/menu
[2020-04-13 14:58:32] | ::1 | http://localhost:8088/admin/menu
[2020-04-13 15:00:42] | ::1 | http://localhost:8088/admin/menu
[2020-04-13 15:11:58] | ::1 | http://localhost:8088/admin/menu
[2020-04-13 15:49:01] | ::1 | http://localhost:8088/admin/menu
[2020-04-13 16:00:28] | ::1 | http://localhost:8088/admin/menu
[2020-04-13 16:00:43] | ::1 | http://localhost:8088/admin/menu
[2020-04-13 16:01:22] | ::1 | http://localhost:8088/admin/menu
[2020-04-13 16:02:28] | ::1 | http://localhost:8088/admin/menu
[2020-04-13 16:03:55] | ::1 | http://localhost:8088/admin/menu
[2020-04-13 16:06:38] | ::1 | http://localhost:8088/admin/menu
[2020-04-13 16:07:21] | ::1 | http://localhost:8088/admin/menu
[2020-04-13 16:09:46] | ::1 | http://localhost:8088/admin/menu
[2020-04-13 16:10:02] | ::1 | http://localhost:8088/admin/menu
[2020-04-13 16:10:41] | ::1 | http://localhost:8088/admin/menu
[2020-04-13 16:11:39] | ::1 | http://localhost:8088/admin/menu
[2020-04-13 16:12:30] | ::1 | http://localhost:8088/admin/menu
[2020-04-13 16:13:01] | ::1 | http://localhost:8088/admin/menu
[2020-04-13 16:13:19] | ::1 | http://localhost:8088/admin/menu
[2020-04-13 16:15:29] | ::1 | http://localhost:8088/admin/menu
[2020-04-13 16:17:24] | ::1 | http://localhost:8088/admin/menu
[2020-04-13 16:18:44] | ::1 | http://localhost:8088/admin/menu/add
[2020-04-13 16:19:21] | ::1 | http://localhost:8088/admin/menu/add
[2020-04-13 16:19:45] | ::1 | http://localhost:8088/admin/menu/add?gender=on
[2020-04-13 16:21:18] | ::1 | http://localhost:8088/admin/menu/add?gender=on
[2020-04-13 16:21:25] | ::1 | http://localhost:8088/admin/menu/add
[2020-04-13 16:25:43] | ::1 | http://localhost:8088/admin/menu/add
[2020-04-13 16:26:21] | ::1 | http://localhost:8088/admin/menu/add
[2020-04-13 16:26:47] | ::1 | http://localhost:8088/admin/menu/add
[2020-04-13 16:27:08] | ::1 | http://localhost:8088/admin/menu/add
[2020-04-13 16:27:17] | ::1 | http://localhost:8088/admin/menu
[2020-04-13 16:37:12] | ::1 | http://localhost:8088/admin/menu/detail
[2020-04-13 16:38:00] | ::1 | http://localhost:8088/admin/menu/detail
[2020-04-13 16:38:12] | ::1 | http://localhost:8088/admin/menu
[2020-04-13 16:38:20] | ::1 | http://localhost:8088/admin/menu/add
[2020-04-13 16:38:28] | ::1 | http://localhost:8088/admin/menu/detail
[2020-04-13 16:38:37] | ::1 | http://localhost:8088/admin/menu/add
[2020-04-13 16:39:35] | ::1 | http://localhost:8088/admin/menu/detail
[2020-04-13 16:39:39] | ::1 | http://localhost:8088/admin/menu/detail
[2020-04-13 16:40:07] | ::1 | http://localhost:8088/admin/menu/add
[2020-04-13 16:41:14] | ::1 | http://localhost:8088/admin/menu/detail
[2020-04-13 16:41:20] | ::1 | http://localhost:8088/admin/menu/detail
[2020-04-13 16:43:30] | ::1 | http://localhost:8088/admin/menu/detail
[2020-04-13 16:44:09] | ::1 | http://localhost:8088/admin/menu/detail
[2020-04-13 16:44:46] | ::1 | http://localhost:8088/admin/menu/detail
[2020-04-13 16:46:05] | ::1 | http://localhost:8088/admin/menu/detail
[2020-04-13 16:47:24] | ::1 | http://localhost:8088/admin/menu/detail
[2020-04-13 16:48:04] | ::1 | http://localhost:8088/admin/menu/detail
[2020-04-13 16:48:08] | ::1 | http://localhost:8088/admin/menu/detail
[2020-04-13 16:50:36] | ::1 | http://localhost:8088/admin/menu/detail
[2020-04-13 16:50:49] | ::1 | http://localhost:8088/admin/menu/detail
[2020-04-13 16:52:10] | ::1 | http://localhost:8088/admin/menu/detail
[2020-04-13 16:55:21] | ::1 | http://localhost:8088/admin/menu/add
[2020-04-13 16:55:49] | ::1 | http://localhost:8088/admin/menu/add
[2020-04-13 16:55:54] | ::1 | http://localhost:8088/admin/menu/detail
[2020-04-13 16:58:55] | ::1 | http://localhost:8088/admin/menu/detail
[2020-04-13 17:00:36] | ::1 | http://localhost:8088/admin/menu/detail
[2020-04-13 17:00:38] | ::1 | http://localhost:8088/admin/menu/detail
[2020-04-13 17:00:49] | ::1 | http://localhost:8088/admin/menu/add
[2020-04-13 17:00:53] | ::1 | http://localhost:8088/admin/menu/detail
[2020-04-13 17:01:03] | ::1 | http://localhost:8088/admin/menu/add
[2020-04-13 17:01:08] | ::1 | http://localhost:8088/admin/menu/detail
[2020-04-13 17:17:03] | ::1 | http://localhost:8088/admin/menu
[2020-04-13 17:27:31] | ::1 | http://localhost:8088/admin/menu
[2020-04-13 17:27:49] | ::1 | http://localhost:8088/admin/menu
[2020-04-13 17:31:15] | ::1 | http://localhost:8088/admin/menu/add
[2020-04-13 17:32:23] | ::1 | http://localhost:8088/admin/menu
[2020-04-13 17:32:38] | ::1 | http://localhost:8088/admin/menu/add
[2020-04-13 17:33:39] | ::1 | http://localhost:8088/admin/menu/detail
[2020-04-13 17:33:55] | ::1 | http://localhost:8088/admin/menu/add
[2020-04-13 17:35:05] | ::1 | http://localhost:8088/admin/menu/add
[2020-04-13 17:35:10] | ::1 | http://localhost:8088/admin/menu/
[2020-04-13 17:35:50] | ::1 | http://localhost:8088/admin/menu/
[2020-04-13 17:36:13] | ::1 | http://localhost:8088/admin/menu/
[2020-04-13 17:36:19] | ::1 | http://localhost:8088/admin/menu/detail
[2020-04-13 17:37:44] | ::1 | http://localhost:8088/admin/menu/detail
[2020-04-13 17:38:02] | ::1 | http://localhost:8088/admin/menu/add
[2020-04-13 17:38:44] | ::1 | http://localhost:8088/admin/menu/add
[2020-04-13 17:39:51] | ::1 | http://localhost:8088/admin/menu/add
[2020-04-13 17:40:41] | ::1 | http://localhost:8088/admin/menu/add
[2020-04-13 17:42:31] | ::1 | http://localhost:8088/admin/menu/add
[2020-04-13 17:42:55] | ::1 | http://localhost:8088/admin/menu/add
[2020-04-13 17:43:58] | ::1 | http://localhost:8088/admin/menu/add
[2020-04-13 17:44:14] | ::1 | http://localhost:8088/admin/menu/add
[2020-04-13 17:44:44] | ::1 | http://localhost:8088/admin/menu/add
[2020-04-13 17:45:51] | ::1 | http://localhost:8088/admin/menu/add
[2020-04-13 17:47:44] | ::1 | http://localhost:8088/admin/menu/add
[2020-04-13 17:53:54] | ::1 | http://localhost:8088/admin/menu/add
[2020-04-13 17:54:40] | ::1 | http://localhost:8088/admin/menu/add
[2020-04-13 17:56:19] | ::1 | http://localhost:8088/admin/menu/add
[2020-04-13 17:57:26] | ::1 | http://localhost:8088/admin/menu/add
[2020-04-13 17:57:32] | ::1 | http://localhost:8088/admin/menu/add?styled_radio=on&remark=
[2020-04-13 17:57:36] | ::1 | http://localhost:8088/admin/menu/add
[2020-04-13 18:01:20] | ::1 | http://localhost:8088/admin/menu/add?styled_radio=on&remark=
[2020-04-13 18:01:23] | ::1 | http://localhost:8088/admin/menu/add
[2020-04-13 18:02:41] | ::1 | http://localhost:8088/admin/menu/add
[2020-04-13 18:04:53] | ::1 | http://localhost:8088/admin/menu/add
[2020-04-13 18:05:04] | ::1 | http://localhost:8088/admin/menu/add
[2020-04-13 18:05:49] | ::1 | http://localhost:8088/admin/menu/add
[2020-04-13 18:07:47] | ::1 | http://localhost:8088/admin/menu/add
[2020-04-13 18:08:08] | ::1 | http://localhost:8088/admin/menu/add
[2020-04-13 18:08:30] | ::1 | http://localhost:8088/admin/menu/add
[2020-04-13 18:08:47] | ::1 | http://localhost:8088/admin/menu/add
[2020-04-13 18:08:50] | ::1 | http://localhost:8088/admin/menu/add
[2020-04-13 18:10:59] | ::1 | http://localhost:8088/admin/menu/add
[2020-04-13 18:12:44] | ::1 | http://localhost:8088/admin/menu/add
[2020-04-13 18:13:05] | ::1 | http://localhost:8088/admin/menu/add
[2020-04-13 18:15:30] | ::1 | http://localhost:8088/admin/menu/add
[2020-04-13 18:15:42] | ::1 | http://localhost:8088/admin/menu/add
[2020-04-13 22:43:44] | ::1 | http://localhost:8080/admin
[2020-04-13 22:43:52] | ::1 | http://localhost:8080/admin/
[2020-04-13 22:43:55] | ::1 | http://localhost:8080/admin/menu
[2020-04-13 22:45:57] | ::1 | http://localhost:8080/admin/add
[2020-04-13 22:46:04] | ::1 | http://localhost:8080/admin/menu/add
[2020-04-13 22:57:29] | ::1 | http://localhost:8080/admin/menu/add
[2020-04-13 23:19:49] | ::1 | http://localhost:8080/admin/menu/add
[2020-04-13 23:21:53] | ::1 | http://localhost:8080/admin/menu/add
[2020-04-13 23:22:27] | ::1 | http://localhost:8080/admin/menu/add
[2020-04-13 23:22:43] | ::1 | http://localhost:8080/admin/menu/add
[2020-04-13 23:26:01] | ::1 | http://localhost:8080/admin/menu/add
[2020-04-13 23:28:12] | ::1 | http://localhost:8080/admin/menu/add
[2020-04-13 23:28:14] | ::1 | http://localhost:8080/admin/menu/add
[2020-04-13 23:29:44] | ::1 | http://localhost:8080/admin/menu/add
[2020-04-13 23:30:05] | ::1 | http://localhost:8080/admin/menu/add
[2020-04-13 23:30:47] | ::1 | http://localhost:8080/admin/menu/add
[2020-04-13 23:31:53] | ::1 | http://localhost:8080/admin/menu/add
[2020-04-13 23:34:42] | ::1 | http://localhost:8080/admin/menu/add
[2020-04-13 23:34:48] | ::1 | http://localhost:8080/admin/menu/add
[2020-04-13 23:35:06] | ::1 | http://localhost:8080/admin/menu/add
[2020-04-13 23:36:02] | ::1 | http://localhost:8080/admin/menu/add
[2020-04-13 23:36:05] | ::1 | http://localhost:8080/admin/menu/add
[2020-04-13 23:36:50] | ::1 | http://localhost:8080/admin/menu/add
[2020-04-13 23:37:55] | ::1 | http://localhost:8080/admin/menu/add
[2020-04-13 23:38:30] | ::1 | http://localhost:8080/admin/menu/add
[2020-04-13 23:38:33] | ::1 | http://localhost:8080/admin/menu/add
[2020-04-13 23:41:51] | ::1 | http://localhost:8080/admin/menu/add
[2020-04-13 23:42:10] | ::1 | http://localhost:8080/admin/menu/add
[2020-04-13 23:42:19] | ::1 | http://localhost:8080/admin/menu/add
[2020-04-13 23:42:52] | ::1 | http://localhost:8080/admin/menu/add
[2020-04-13 23:43:59] | ::1 | http://localhost:8080/admin/menu/add
[2020-04-13 23:44:46] | ::1 | http://localhost:8080/admin/menu/add
[2020-04-13 23:45:14] | ::1 | http://localhost:8080/admin/menu/add
[2020-04-13 23:45:47] | ::1 | http://localhost:8080/admin/menu/add
[2020-04-13 23:51:23] | ::1 | http://localhost:8080/admin/menu/add
[2020-04-13 23:52:52] | ::1 | http://localhost:8080/admin/menu/save
[2020-04-13 23:52:57] | ::1 | http://localhost:8080/admin/menu/add
