[2020-05-06 22:53:59] | ::1 | http://localhost:8080/admin
[2020-05-06 22:53:59] | ::1 | http://localhost:8080/admin
[2020-05-06 22:54:00] | ::1 | http://localhost:8080/admin/menu/page
[2020-05-06 22:54:11] | ::1 | http://localhost:8080/admin/role
[2020-05-06 22:54:12] | ::1 | http://localhost:8080/admin/role/getList?order=asc&limit=10&offset=0
[2020-05-06 22:54:25] | ::1 | http://localhost:8080/admin/menu
[2020-05-06 22:54:33] | ::1 | http://localhost:8080/admin/account
[2020-05-06 22:54:35] | ::1 | http://localhost:8080/admin/role
[2020-05-06 22:54:36] | ::1 | http://localhost:8080/admin/role/getList?order=asc&limit=10&offset=0
[2020-05-06 22:57:59] | ::1 | http://localhost:8080/admin
[2020-05-06 22:57:59] | ::1 | http://localhost:8080/admin/menu/page
[2020-05-06 22:58:04] | ::1 | http://localhost:8080/admin/role
[2020-05-06 22:58:04] | ::1 | http://localhost:8080/admin/role/getList
[2020-05-06 22:59:13] | ::1 | http://localhost:8080/admin/role/getList
[2020-05-06 22:59:15] | ::1 | http://localhost:8080/admin/role/getList
[2020-05-06 22:59:18] | ::1 | http://localhost:8080/admin/role/getList
[2020-05-06 22:59:19] | ::1 | http://localhost:8080/admin/role/getList
[2020-05-06 22:59:21] | ::1 | http://localhost:8080/admin/role/getList
[2020-05-06 22:59:32] | ::1 | http://localhost:8080/admin/role
[2020-05-06 22:59:33] | ::1 | http://localhost:8080/admin/role/getList
[2020-05-06 23:01:03] | ::1 | http://localhost:8080/admin
[2020-05-06 23:01:04] | ::1 | http://localhost:8080/admin/menu/page
[2020-05-06 23:01:07] | ::1 | http://localhost:8080/admin/role
[2020-05-06 23:01:07] | ::1 | http://localhost:8080/admin/role/getList
[2020-05-06 23:01:55] | ::1 | http://localhost:8080/admin/role
[2020-05-06 23:01:56] | ::1 | http://localhost:8080/admin/role/getList
[2020-05-06 23:05:07] | ::1 | http://localhost:8080/admin
[2020-05-06 23:05:08] | ::1 | http://localhost:8080/admin/menu/page
[2020-05-06 23:05:12] | ::1 | http://localhost:8080/admin/role
[2020-05-06 23:05:13] | ::1 | http://localhost:8080/admin/role/getList
[2020-05-06 23:06:17] | ::1 | http://localhost:8080/admin/role
[2020-05-06 23:06:17] | ::1 | http://localhost:8080/admin/role/getList
[2020-05-06 23:07:47] | ::1 | http://localhost:8080/admin/role
[2020-05-06 23:07:48] | ::1 | http://localhost:8080/admin/role/getList
[2020-05-06 23:10:45] | ::1 | http://localhost:8080/admin/role
[2020-05-06 23:10:45] | ::1 | http://localhost:8080/admin/role/getList
[2020-05-06 23:11:50] | ::1 | http://localhost:8080/admin/menu
